.next/types/validator.ts(161,39): error TS2307: Cannot find module '../../src/app/autism-navigator/support/page.js' or its corresponding type declarations.
src/__tests__/integration/ai-chat.test.ts(48,5): error TS2304: Cannot find name 'afterEach'.
src/__tests__/integration/auth-forgot-password.test.ts(12,1): error TS2304: Cannot find name 'vi'.
src/__tests__/integration/auth-forgot-password.test.ts(13,29): error TS2304: Cannot find name 'vi'.
src/__tests__/integration/auth-forgot-password.test.ts(18,1): error TS2582: Cannot find name 'describe'. Do you need to install type definitions for a test runner? Try `npm i --save-dev @types/jest` or `npm i --save-dev @types/mocha`.
src/__tests__/integration/auth-forgot-password.test.ts(19,5): error TS2304: Cannot find name 'beforeEach'.
src/__tests__/integration/auth-forgot-password.test.ts(21,9): error TS2304: Cannot find name 'vi'.
src/__tests__/integration/auth-forgot-password.test.ts(28,5): error TS2582: Cannot find name 'it'. Do you need to install type definitions for a test runner? Try `npm i --save-dev @types/jest` or `npm i --save-dev @types/mocha`.
src/__tests__/integration/auth-forgot-password.test.ts(47,9): error TS2304: Cannot find name 'expect'.
src/__tests__/integration/auth-forgot-password.test.ts(49,9): error TS2304: Cannot find name 'expect'.
src/__tests__/integration/auth-forgot-password.test.ts(51,9): error TS2304: Cannot find name 'expect'.
src/__tests__/integration/auth-forgot-password.test.ts(52,9): error TS2304: Cannot find name 'expect'.
src/__tests__/integration/auth-forgot-password.test.ts(52,68): error TS2304: Cannot find name 'expect'.
src/__tests__/integration/auth-forgot-password.test.ts(55,9): error TS2304: Cannot find name 'expect'.
src/__tests__/integration/auth-forgot-password.test.ts(58,5): error TS2582: Cannot find name 'it'. Do you need to install type definitions for a test runner? Try `npm i --save-dev @types/jest` or `npm i --save-dev @types/mocha`.
src/__tests__/integration/auth-forgot-password.test.ts(67,9): error TS2304: Cannot find name 'expect'.
src/__tests__/integration/auth-forgot-password.test.ts(69,9): error TS2304: Cannot find name 'expect'.
src/__tests__/integration/auth-forgot-password.test.ts(71,9): error TS2304: Cannot find name 'expect'.
src/__tests__/integration/auth-forgot-password.test.ts(74,5): error TS2582: Cannot find name 'it'. Do you need to install type definitions for a test runner? Try `npm i --save-dev @types/jest` or `npm i --save-dev @types/mocha`.
src/__tests__/integration/auth-forgot-password.test.ts(111,9): error TS2304: Cannot find name 'expect'.
src/__tests__/integration/auth-forgot-password.test.ts(115,9): error TS2304: Cannot find name 'expect'.
src/__tests__/integration/auth-forgot-password.test.ts(116,9): error TS2304: Cannot find name 'expect'.
src/__tests__/integration/auth-forgot-password.test.ts(119,9): error TS2304: Cannot find name 'expect'.
src/__tests__/integration/auth-forgot-password.test.ts(122,5): error TS2582: Cannot find name 'it'. Do you need to install type definitions for a test runner? Try `npm i --save-dev @types/jest` or `npm i --save-dev @types/mocha`.
src/__tests__/integration/auth-forgot-password.test.ts(156,9): error TS2304: Cannot find name 'expect'.
src/__tests__/integration/auth-forgot-password.test.ts(158,9): error TS2304: Cannot find name 'expect'.
src/__tests__/integration/auth-forgot-password.test.ts(161,5): error TS2582: Cannot find name 'it'. Do you need to install type definitions for a test runner? Try `npm i --save-dev @types/jest` or `npm i --save-dev @types/mocha`.
src/__tests__/integration/auth-forgot-password.test.ts(171,9): error TS2304: Cannot find name 'expect'.
src/__tests__/integration/auth-forgot-password.test.ts(173,9): error TS2304: Cannot find name 'expect'.
src/__tests__/integration/auth-verification.test.ts(12,1): error TS2304: Cannot find name 'vi'.
src/__tests__/integration/auth-verification.test.ts(13,28): error TS2304: Cannot find name 'vi'.
src/__tests__/integration/auth-verification.test.ts(18,1): error TS2582: Cannot find name 'describe'. Do you need to install type definitions for a test runner? Try `npm i --save-dev @types/jest` or `npm i --save-dev @types/mocha`.
src/__tests__/integration/auth-verification.test.ts(19,5): error TS2304: Cannot find name 'beforeEach'.
src/__tests__/integration/auth-verification.test.ts(21,9): error TS2304: Cannot find name 'vi'.
src/__tests__/integration/auth-verification.test.ts(29,5): error TS2582: Cannot find name 'it'. Do you need to install type definitions for a test runner? Try `npm i --save-dev @types/jest` or `npm i --save-dev @types/mocha`.
src/__tests__/integration/auth-verification.test.ts(44,9): error TS2304: Cannot find name 'expect'.
src/__tests__/integration/auth-verification.test.ts(47,9): error TS2304: Cannot find name 'expect'.
src/__tests__/integration/auth-verification.test.ts(49,9): error TS2304: Cannot find name 'expect'.
src/__tests__/integration/auth-verification.test.ts(51,9): error TS2304: Cannot find name 'expect'.
src/__tests__/integration/auth-verification.test.ts(52,9): error TS2304: Cannot find name 'expect'.
src/__tests__/integration/auth-verification.test.ts(52,67): error TS2304: Cannot find name 'expect'.
src/__tests__/integration/auth-verification.test.ts(55,9): error TS2304: Cannot find name 'expect'.
src/__tests__/integration/auth-verification.test.ts(58,5): error TS2582: Cannot find name 'it'. Do you need to install type definitions for a test runner? Try `npm i --save-dev @types/jest` or `npm i --save-dev @types/mocha`.
src/__tests__/integration/auth-verification.test.ts(89,9): error TS2304: Cannot find name 'expect'.
src/__tests__/integration/auth-verification.test.ts(90,9): error TS2304: Cannot find name 'expect'.
src/__tests__/integration/auth-verification.test.ts(91,9): error TS2304: Cannot find name 'expect'.
src/__tests__/integration/auth-verification.test.ts(94,9): error TS2304: Cannot find name 'expect'.
src/__tests__/integration/auth-verification.test.ts(95,9): error TS2304: Cannot find name 'expect'.
src/__tests__/integration/auth-verification.test.ts(98,9): error TS2304: Cannot find name 'expect'.
src/__tests__/integration/auth-verification.test.ts(101,5): error TS2582: Cannot find name 'it'. Do you need to install type definitions for a test runner? Try `npm i --save-dev @types/jest` or `npm i --save-dev @types/mocha`.
src/__tests__/integration/auth-verification.test.ts(112,9): error TS2304: Cannot find name 'expect'.
src/__tests__/integration/auth-verification.test.ts(113,9): error TS2304: Cannot find name 'expect'.
src/__tests__/integration/auth-verification.test.ts(116,9): error TS2304: Cannot find name 'expect'.
src/__tests__/integration/auth-verification.test.ts(119,5): error TS2582: Cannot find name 'it'. Do you need to install type definitions for a test runner? Try `npm i --save-dev @types/jest` or `npm i --save-dev @types/mocha`.
src/__tests__/integration/auth-verification.test.ts(136,9): error TS2304: Cannot find name 'expect'.
src/__tests__/integration/auth-verification.test.ts(138,9): error TS2304: Cannot find name 'expect'.
src/__tests__/integration/auth-verification.test.ts(140,9): error TS2304: Cannot find name 'expect'.
src/__tests__/integration/auth-verification.test.ts(143,9): error TS2304: Cannot find name 'expect'.
src/__tests__/integration/auth.test.ts(7,1): error TS2582: Cannot find name 'describe'. Do you need to install type definitions for a test runner? Try `npm i --save-dev @types/jest` or `npm i --save-dev @types/mocha`.
src/__tests__/integration/auth.test.ts(8,5): error TS2582: Cannot find name 'describe'. Do you need to install type definitions for a test runner? Try `npm i --save-dev @types/jest` or `npm i --save-dev @types/mocha`.
src/__tests__/integration/auth.test.ts(9,9): error TS2582: Cannot find name 'it'. Do you need to install type definitions for a test runner? Try `npm i --save-dev @types/jest` or `npm i --save-dev @types/mocha`.
src/__tests__/integration/auth.test.ts(23,13): error TS2304: Cannot find name 'expect'.
src/__tests__/integration/auth.test.ts(24,13): error TS2304: Cannot find name 'expect'.
src/__tests__/integration/auth.test.ts(25,13): error TS2304: Cannot find name 'expect'.
src/__tests__/integration/auth.test.ts(26,13): error TS2304: Cannot find name 'expect'.
src/__tests__/integration/auth.test.ts(34,13): error TS2304: Cannot find name 'expect'.
src/__tests__/integration/auth.test.ts(35,13): error TS2304: Cannot find name 'expect'.
src/__tests__/integration/auth.test.ts(36,13): error TS2304: Cannot find name 'expect'.
src/__tests__/integration/auth.test.ts(37,13): error TS2304: Cannot find name 'expect'.
src/__tests__/integration/auth.test.ts(38,13): error TS2304: Cannot find name 'expect'.
src/__tests__/integration/auth.test.ts(41,9): error TS2582: Cannot find name 'it'. Do you need to install type definitions for a test runner? Try `npm i --save-dev @types/jest` or `npm i --save-dev @types/mocha`.
src/__tests__/integration/auth.test.ts(76,13): error TS2304: Cannot find name 'expect'.
src/__tests__/integration/auth.test.ts(77,13): error TS2304: Cannot find name 'expect'.
src/__tests__/integration/auth.test.ts(78,13): error TS2304: Cannot find name 'expect'.
src/__tests__/integration/auth.test.ts(81,9): error TS2582: Cannot find name 'it'. Do you need to install type definitions for a test runner? Try `npm i --save-dev @types/jest` or `npm i --save-dev @types/mocha`.
src/__tests__/integration/auth.test.ts(108,13): error TS2304: Cannot find name 'expect'.
src/__tests__/integration/auth.test.ts(109,13): error TS2304: Cannot find name 'expect'.
src/__tests__/integration/auth.test.ts(112,9): error TS2582: Cannot find name 'it'. Do you need to install type definitions for a test runner? Try `npm i --save-dev @types/jest` or `npm i --save-dev @types/mocha`.
src/__tests__/integration/auth.test.ts(126,13): error TS2304: Cannot find name 'expect'.
src/__tests__/integration/auth.test.ts(127,13): error TS2304: Cannot find name 'expect'.
src/__tests__/integration/auth.test.ts(130,9): error TS2582: Cannot find name 'it'. Do you need to install type definitions for a test runner? Try `npm i --save-dev @types/jest` or `npm i --save-dev @types/mocha`.
src/__tests__/integration/auth.test.ts(144,13): error TS2304: Cannot find name 'expect'.
src/__tests__/integration/auth.test.ts(145,13): error TS2304: Cannot find name 'expect'.
src/__tests__/integration/auth.test.ts(148,9): error TS2582: Cannot find name 'it'. Do you need to install type definitions for a test runner? Try `npm i --save-dev @types/jest` or `npm i --save-dev @types/mocha`.
src/__tests__/integration/auth.test.ts(159,13): error TS2304: Cannot find name 'expect'.
src/__tests__/integration/auth.test.ts(160,13): error TS2304: Cannot find name 'expect'.
src/__tests__/integration/auth.test.ts(163,9): error TS2582: Cannot find name 'it'. Do you need to install type definitions for a test runner? Try `npm i --save-dev @types/jest` or `npm i --save-dev @types/mocha`.
src/__tests__/integration/auth.test.ts(179,17): error TS2304: Cannot find name 'expect'.
src/__tests__/integration/auth.test.ts(180,17): error TS2304: Cannot find name 'expect'.
src/__tests__/integration/auth.test.ts(182,17): error TS2304: Cannot find name 'expect'.
src/__tests__/integration/bookmarks.test.ts(13,1): error TS2304: Cannot find name 'vi'.
src/__tests__/integration/bookmarks.test.ts(14,23): error TS2304: Cannot find name 'vi'.
src/__tests__/integration/bookmarks.test.ts(17,1): error TS2304: Cannot find name 'vi'.
src/__tests__/integration/bookmarks.test.ts(25,1): error TS2582: Cannot find name 'describe'. Do you need to install type definitions for a test runner? Try `npm i --save-dev @types/jest` or `npm i --save-dev @types/mocha`.
src/__tests__/integration/bookmarks.test.ts(31,5): error TS2304: Cannot find name 'beforeEach'.
src/__tests__/integration/bookmarks.test.ts(42,5): error TS2582: Cannot find name 'describe'. Do you need to install type definitions for a test runner? Try `npm i --save-dev @types/jest` or `npm i --save-dev @types/mocha`.
src/__tests__/integration/bookmarks.test.ts(43,9): error TS2582: Cannot find name 'it'. Do you need to install type definitions for a test runner? Try `npm i --save-dev @types/jest` or `npm i --save-dev @types/mocha`.
src/__tests__/integration/bookmarks.test.ts(44,13): error TS2304: Cannot find name 'vi'.
src/__tests__/integration/bookmarks.test.ts(55,13): error TS2304: Cannot find name 'expect'.
src/__tests__/integration/bookmarks.test.ts(56,13): error TS2304: Cannot find name 'expect'.
src/__tests__/integration/bookmarks.test.ts(68,13): error TS2304: Cannot find name 'expect'.
src/__tests__/integration/bookmarks.test.ts(71,9): error TS2582: Cannot find name 'it'. Do you need to install type definitions for a test runner? Try `npm i --save-dev @types/jest` or `npm i --save-dev @types/mocha`.
src/__tests__/integration/bookmarks.test.ts(72,13): error TS2304: Cannot find name 'vi'.
src/__tests__/integration/bookmarks.test.ts(92,13): error TS2304: Cannot find name 'expect'.
src/__tests__/integration/bookmarks.test.ts(93,13): error TS2304: Cannot find name 'expect'.
src/__tests__/integration/bookmarks.test.ts(105,13): error TS2304: Cannot find name 'expect'.
src/__tests__/integration/bookmarks.test.ts(108,9): error TS2582: Cannot find name 'it'. Do you need to install type definitions for a test runner? Try `npm i --save-dev @types/jest` or `npm i --save-dev @types/mocha`.
src/__tests__/integration/bookmarks.test.ts(109,13): error TS2304: Cannot find name 'vi'.
src/__tests__/integration/bookmarks.test.ts(120,13): error TS2304: Cannot find name 'expect'.
src/__tests__/integration/bookmarks.test.ts(121,13): error TS2304: Cannot find name 'expect'.
src/__tests__/integration/bookmarks.test.ts(124,9): error TS2582: Cannot find name 'it'. Do you need to install type definitions for a test runner? Try `npm i --save-dev @types/jest` or `npm i --save-dev @types/mocha`.
src/__tests__/integration/bookmarks.test.ts(125,13): error TS2304: Cannot find name 'vi'.
src/__tests__/integration/bookmarks.test.ts(136,13): error TS2304: Cannot find name 'expect'.
src/__tests__/integration/bookmarks.test.ts(137,13): error TS2304: Cannot find name 'expect'.
src/__tests__/integration/bookmarks.test.ts(140,9): error TS2582: Cannot find name 'it'. Do you need to install type definitions for a test runner? Try `npm i --save-dev @types/jest` or `npm i --save-dev @types/mocha`.
src/__tests__/integration/bookmarks.test.ts(141,13): error TS2304: Cannot find name 'vi'.
src/__tests__/integration/bookmarks.test.ts(150,13): error TS2304: Cannot find name 'expect'.
src/__tests__/integration/bookmarks.test.ts(151,13): error TS2304: Cannot find name 'expect'.
src/__tests__/integration/bookmarks.test.ts(155,5): error TS2582: Cannot find name 'describe'. Do you need to install type definitions for a test runner? Try `npm i --save-dev @types/jest` or `npm i --save-dev @types/mocha`.
src/__tests__/integration/bookmarks.test.ts(156,9): error TS2304: Cannot find name 'beforeEach'.
src/__tests__/integration/bookmarks.test.ts(180,9): error TS2582: Cannot find name 'it'. Do you need to install type definitions for a test runner? Try `npm i --save-dev @types/jest` or `npm i --save-dev @types/mocha`.
src/__tests__/integration/bookmarks.test.ts(181,13): error TS2304: Cannot find name 'vi'.
src/__tests__/integration/bookmarks.test.ts(187,13): error TS2304: Cannot find name 'expect'.
src/__tests__/integration/bookmarks.test.ts(188,13): error TS2304: Cannot find name 'expect'.
src/__tests__/integration/bookmarks.test.ts(189,13): error TS2304: Cannot find name 'expect'.
src/__tests__/integration/bookmarks.test.ts(190,13): error TS2304: Cannot find name 'expect'.
src/__tests__/integration/bookmarks.test.ts(191,13): error TS2304: Cannot find name 'expect'.
src/__tests__/integration/bookmarks.test.ts(194,9): error TS2582: Cannot find name 'it'. Do you need to install type definitions for a test runner? Try `npm i --save-dev @types/jest` or `npm i --save-dev @types/mocha`.
src/__tests__/integration/bookmarks.test.ts(196,13): error TS2304: Cannot find name 'vi'.
src/__tests__/integration/bookmarks.test.ts(202,13): error TS2304: Cannot find name 'expect'.
src/__tests__/integration/bookmarks.test.ts(203,13): error TS2304: Cannot find name 'expect'.
src/__tests__/integration/bookmarks.test.ts(204,13): error TS2304: Cannot find name 'expect'.
src/__tests__/integration/bookmarks.test.ts(207,9): error TS2582: Cannot find name 'it'. Do you need to install type definitions for a test runner? Try `npm i --save-dev @types/jest` or `npm i --save-dev @types/mocha`.
src/__tests__/integration/bookmarks.test.ts(208,13): error TS2304: Cannot find name 'vi'.
src/__tests__/integration/bookmarks.test.ts(214,13): error TS2304: Cannot find name 'expect'.
src/__tests__/integration/bookmarks.test.ts(215,13): error TS2304: Cannot find name 'expect'.
src/__tests__/integration/bookmarks.test.ts(218,9): error TS2582: Cannot find name 'it'. Do you need to install type definitions for a test runner? Try `npm i --save-dev @types/jest` or `npm i --save-dev @types/mocha`.
src/__tests__/integration/bookmarks.test.ts(219,13): error TS2304: Cannot find name 'vi'.
src/__tests__/integration/bookmarks.test.ts(225,13): error TS2304: Cannot find name 'expect'.
src/__tests__/integration/bookmarks.test.ts(228,17): error TS2304: Cannot find name 'expect'.
src/__tests__/integration/bookmarks.test.ts(229,17): error TS2304: Cannot find name 'expect'.
src/__tests__/integration/bookmarks.test.ts(230,17): error TS2304: Cannot find name 'expect'.
src/__tests__/integration/bookmarks.test.ts(231,17): error TS2304: Cannot find name 'expect'.
src/__tests__/integration/categories.test.ts(4,1): error TS2582: Cannot find name 'describe'. Do you need to install type definitions for a test runner? Try `npm i --save-dev @types/jest` or `npm i --save-dev @types/mocha`.
src/__tests__/integration/categories.test.ts(7,5): error TS2582: Cannot find name 'describe'. Do you need to install type definitions for a test runner? Try `npm i --save-dev @types/jest` or `npm i --save-dev @types/mocha`.
src/__tests__/integration/categories.test.ts(8,9): error TS2582: Cannot find name 'it'. Do you need to install type definitions for a test runner? Try `npm i --save-dev @types/jest` or `npm i --save-dev @types/mocha`.
src/__tests__/integration/categories.test.ts(10,40): error TS2554: Expected 0 arguments, but got 1.
src/__tests__/integration/categories.test.ts(13,13): error TS2304: Cannot find name 'expect'.
src/__tests__/integration/categories.test.ts(14,13): error TS2304: Cannot find name 'expect'.
src/__tests__/integration/categories.test.ts(15,13): error TS2304: Cannot find name 'expect'.
src/__tests__/integration/categories.test.ts(18,9): error TS2582: Cannot find name 'it'. Do you need to install type definitions for a test runner? Try `npm i --save-dev @types/jest` or `npm i --save-dev @types/mocha`.
src/__tests__/integration/categories.test.ts(20,40): error TS2554: Expected 0 arguments, but got 1.
src/__tests__/integration/categories.test.ts(23,13): error TS2304: Cannot find name 'expect'.
src/__tests__/integration/categories.test.ts(25,13): error TS2304: Cannot find name 'expect'.
src/__tests__/integration/categories.test.ts(26,13): error TS2304: Cannot find name 'expect'.
src/__tests__/integration/categories.test.ts(27,13): error TS2304: Cannot find name 'expect'.
src/__tests__/integration/categories.test.ts(28,13): error TS2304: Cannot find name 'expect'.
src/__tests__/integration/categories.test.ts(31,9): error TS2582: Cannot find name 'it'. Do you need to install type definitions for a test runner? Try `npm i --save-dev @types/jest` or `npm i --save-dev @types/mocha`.
src/__tests__/integration/categories.test.ts(33,40): error TS2554: Expected 0 arguments, but got 1.
src/__tests__/integration/categories.test.ts(36,13): error TS2304: Cannot find name 'expect'.
src/__tests__/integration/categories.test.ts(43,21): error TS2304: Cannot find name 'expect'.
src/__tests__/integration/categories.test.ts(48,9): error TS2582: Cannot find name 'it'. Do you need to install type definitions for a test runner? Try `npm i --save-dev @types/jest` or `npm i --save-dev @types/mocha`.
src/__tests__/integration/categories.test.ts(51,40): error TS2554: Expected 0 arguments, but got 1.
src/__tests__/integration/categories.test.ts(53,13): error TS2304: Cannot find name 'expect'.
src/__tests__/integration/categories.test.ts(56,9): error TS2582: Cannot find name 'it'. Do you need to install type definitions for a test runner? Try `npm i --save-dev @types/jest` or `npm i --save-dev @types/mocha`.
src/__tests__/integration/categories.test.ts(58,40): error TS2554: Expected 0 arguments, but got 1.
src/__tests__/integration/categories.test.ts(61,13): error TS2304: Cannot find name 'expect'.
src/__tests__/integration/categories.test.ts(64,13): error TS2304: Cannot find name 'expect'.
src/__tests__/integration/comments.test.ts(15,1): error TS2304: Cannot find name 'vi'.
src/__tests__/integration/comments.test.ts(16,21): error TS2304: Cannot find name 'vi'.
src/__tests__/integration/comments.test.ts(19,1): error TS2304: Cannot find name 'vi'.
src/__tests__/integration/comments.test.ts(25,1): error TS2582: Cannot find name 'describe'. Do you need to install type definitions for a test runner? Try `npm i --save-dev @types/jest` or `npm i --save-dev @types/mocha`.
src/__tests__/integration/comments.test.ts(31,3): error TS2304: Cannot find name 'beforeEach'.
src/__tests__/integration/comments.test.ts(45,3): error TS2582: Cannot find name 'describe'. Do you need to install type definitions for a test runner? Try `npm i --save-dev @types/jest` or `npm i --save-dev @types/mocha`.
src/__tests__/integration/comments.test.ts(46,5): error TS2582: Cannot find name 'it'. Do you need to install type definitions for a test runner? Try `npm i --save-dev @types/jest` or `npm i --save-dev @types/mocha`.
src/__tests__/integration/comments.test.ts(47,7): error TS2304: Cannot find name 'vi'.
src/__tests__/integration/comments.test.ts(61,7): error TS2304: Cannot find name 'expect'.
src/__tests__/integration/comments.test.ts(62,7): error TS2304: Cannot find name 'expect'.
src/__tests__/integration/comments.test.ts(63,7): error TS2304: Cannot find name 'expect'.
src/__tests__/integration/comments.test.ts(64,7): error TS2304: Cannot find name 'expect'.
src/__tests__/integration/comments.test.ts(70,7): error TS2304: Cannot find name 'expect'.
src/__tests__/integration/comments.test.ts(71,7): error TS2304: Cannot find name 'expect'.
src/__tests__/integration/comments.test.ts(74,5): error TS2582: Cannot find name 'it'. Do you need to install type definitions for a test runner? Try `npm i --save-dev @types/jest` or `npm i --save-dev @types/mocha`.
src/__tests__/integration/comments.test.ts(75,7): error TS2304: Cannot find name 'vi'.
src/__tests__/integration/comments.test.ts(89,7): error TS2304: Cannot find name 'expect'.
src/__tests__/integration/comments.test.ts(90,7): error TS2304: Cannot find name 'expect'.
src/__tests__/integration/comments.test.ts(91,7): error TS2304: Cannot find name 'expect'.
src/__tests__/integration/comments.test.ts(94,5): error TS2582: Cannot find name 'it'. Do you need to install type definitions for a test runner? Try `npm i --save-dev @types/jest` or `npm i --save-dev @types/mocha`.
src/__tests__/integration/comments.test.ts(95,7): error TS2304: Cannot find name 'vi'.
src/__tests__/integration/comments.test.ts(122,7): error TS2304: Cannot find name 'expect'.
src/__tests__/integration/comments.test.ts(123,7): error TS2304: Cannot find name 'expect'.
src/__tests__/integration/comments.test.ts(124,7): error TS2304: Cannot find name 'expect'.
src/__tests__/integration/comments.test.ts(130,7): error TS2304: Cannot find name 'expect'.
src/__tests__/integration/comments.test.ts(133,5): error TS2582: Cannot find name 'it'. Do you need to install type definitions for a test runner? Try `npm i --save-dev @types/jest` or `npm i --save-dev @types/mocha`.
src/__tests__/integration/comments.test.ts(134,7): error TS2304: Cannot find name 'vi'.
src/__tests__/integration/comments.test.ts(147,7): error TS2304: Cannot find name 'expect'.
src/__tests__/integration/comments.test.ts(148,7): error TS2304: Cannot find name 'expect'.
src/__tests__/integration/comments.test.ts(151,5): error TS2582: Cannot find name 'it'. Do you need to install type definitions for a test runner? Try `npm i --save-dev @types/jest` or `npm i --save-dev @types/mocha`.
src/__tests__/integration/comments.test.ts(152,7): error TS2304: Cannot find name 'vi'.
src/__tests__/integration/comments.test.ts(165,7): error TS2304: Cannot find name 'expect'.
src/__tests__/integration/comments.test.ts(166,7): error TS2304: Cannot find name 'expect'.
src/__tests__/integration/comments.test.ts(169,5): error TS2582: Cannot find name 'it'. Do you need to install type definitions for a test runner? Try `npm i --save-dev @types/jest` or `npm i --save-dev @types/mocha`.
src/__tests__/integration/comments.test.ts(170,7): error TS2304: Cannot find name 'vi'.
src/__tests__/integration/comments.test.ts(188,7): error TS2304: Cannot find name 'expect'.
src/__tests__/integration/comments.test.ts(189,7): error TS2304: Cannot find name 'expect'.
src/__tests__/integration/comments.test.ts(190,7): error TS2304: Cannot find name 'expect'.
src/__tests__/integration/comments.test.ts(193,5): error TS2582: Cannot find name 'it'. Do you need to install type definitions for a test runner? Try `npm i --save-dev @types/jest` or `npm i --save-dev @types/mocha`.
src/__tests__/integration/comments.test.ts(194,7): error TS2304: Cannot find name 'vi'.
src/__tests__/integration/comments.test.ts(207,7): error TS2304: Cannot find name 'expect'.
src/__tests__/integration/comments.test.ts(208,7): error TS2304: Cannot find name 'expect'.
src/__tests__/integration/comments.test.ts(212,3): error TS2582: Cannot find name 'describe'. Do you need to install type definitions for a test runner? Try `npm i --save-dev @types/jest` or `npm i --save-dev @types/mocha`.
src/__tests__/integration/comments.test.ts(213,5): error TS2304: Cannot find name 'beforeEach'.
src/__tests__/integration/comments.test.ts(234,5): error TS2582: Cannot find name 'it'. Do you need to install type definitions for a test runner? Try `npm i --save-dev @types/jest` or `npm i --save-dev @types/mocha`.
src/__tests__/integration/comments.test.ts(241,7): error TS2304: Cannot find name 'expect'.
src/__tests__/integration/comments.test.ts(242,7): error TS2304: Cannot find name 'expect'.
src/__tests__/integration/comments.test.ts(243,7): error TS2304: Cannot find name 'expect'.
src/__tests__/integration/comments.test.ts(244,7): error TS2304: Cannot find name 'expect'.
src/__tests__/integration/comments.test.ts(247,5): error TS2582: Cannot find name 'it'. Do you need to install type definitions for a test runner? Try `npm i --save-dev @types/jest` or `npm i --save-dev @types/mocha`.
src/__tests__/integration/comments.test.ts(254,7): error TS2304: Cannot find name 'expect'.
src/__tests__/integration/comments.test.ts(261,7): error TS2304: Cannot find name 'expect'.
src/__tests__/integration/comments.test.ts(265,7): error TS2304: Cannot find name 'expect'.
src/__tests__/integration/comments.test.ts(266,7): error TS2304: Cannot find name 'expect'.
src/__tests__/integration/comments.test.ts(269,5): error TS2582: Cannot find name 'it'. Do you need to install type definitions for a test runner? Try `npm i --save-dev @types/jest` or `npm i --save-dev @types/mocha`.
src/__tests__/integration/comments.test.ts(276,7): error TS2304: Cannot find name 'expect'.
src/__tests__/integration/comments.test.ts(277,7): error TS2304: Cannot find name 'expect'.
src/__tests__/integration/comments.test.ts(280,5): error TS2582: Cannot find name 'it'. Do you need to install type definitions for a test runner? Try `npm i --save-dev @types/jest` or `npm i --save-dev @types/mocha`.
src/__tests__/integration/comments.test.ts(299,7): error TS2304: Cannot find name 'expect'.
src/__tests__/integration/comments.test.ts(303,7): error TS2304: Cannot find name 'expect'.
src/__tests__/integration/comments.test.ts(304,7): error TS2304: Cannot find name 'expect'.
src/__tests__/integration/database-connection.test.ts(5,1): error TS2582: Cannot find name 'describe'. Do you need to install type definitions for a test runner? Try `npm i --save-dev @types/jest` or `npm i --save-dev @types/mocha`.
src/__tests__/integration/database-connection.test.ts(6,5): error TS2582: Cannot find name 'it'. Do you need to install type definitions for a test runner? Try `npm i --save-dev @types/jest` or `npm i --save-dev @types/mocha`.
src/__tests__/integration/database-connection.test.ts(9,9): error TS2304: Cannot find name 'expect'.
src/__tests__/integration/database-connection.test.ts(12,5): error TS2582: Cannot find name 'it'. Do you need to install type definitions for a test runner? Try `npm i --save-dev @types/jest` or `npm i --save-dev @types/mocha`.
src/__tests__/integration/database-connection.test.ts(14,9): error TS2304: Cannot find name 'expect'.
src/__tests__/integration/database-connection.test.ts(17,5): error TS2582: Cannot find name 'it'. Do you need to install type definitions for a test runner? Try `npm i --save-dev @types/jest` or `npm i --save-dev @types/mocha`.
src/__tests__/integration/database-connection.test.ts(19,9): error TS2304: Cannot find name 'expect'.
src/__tests__/integration/e2e-full-project.test.ts(19,1): error TS2582: Cannot find name 'describe'. Do you need to install type definitions for a test runner? Try `npm i --save-dev @types/jest` or `npm i --save-dev @types/mocha`.
src/__tests__/integration/e2e-full-project.test.ts(20,5): error TS2582: Cannot find name 'describe'. Do you need to install type definitions for a test runner? Try `npm i --save-dev @types/jest` or `npm i --save-dev @types/mocha`.
src/__tests__/integration/e2e-full-project.test.ts(26,9): error TS2304: Cannot find name 'beforeEach'.
src/__tests__/integration/e2e-full-project.test.ts(43,9): error TS2582: Cannot find name 'it'. Do you need to install type definitions for a test runner? Try `npm i --save-dev @types/jest` or `npm i --save-dev @types/mocha`.
src/__tests__/integration/e2e-full-project.test.ts(48,13): error TS2304: Cannot find name 'expect'.
src/__tests__/integration/e2e-full-project.test.ts(49,13): error TS2304: Cannot find name 'expect'.
src/__tests__/integration/e2e-full-project.test.ts(52,9): error TS2582: Cannot find name 'it'. Do you need to install type definitions for a test runner? Try `npm i --save-dev @types/jest` or `npm i --save-dev @types/mocha`.
src/__tests__/integration/e2e-full-project.test.ts(65,13): error TS2304: Cannot find name 'expect'.
src/__tests__/integration/e2e-full-project.test.ts(70,13): error TS2304: Cannot find name 'expect'.
src/__tests__/integration/e2e-full-project.test.ts(71,13): error TS2304: Cannot find name 'expect'.
src/__tests__/integration/e2e-full-project.test.ts(73,13): error TS2304: Cannot find name 'expect'.
src/__tests__/integration/e2e-full-project.test.ts(74,13): error TS2304: Cannot find name 'expect'.
src/__tests__/integration/e2e-full-project.test.ts(77,9): error TS2582: Cannot find name 'it'. Do you need to install type definitions for a test runner? Try `npm i --save-dev @types/jest` or `npm i --save-dev @types/mocha`.
src/__tests__/integration/e2e-full-project.test.ts(81,13): error TS2304: Cannot find name 'expect'.
src/__tests__/integration/e2e-full-project.test.ts(82,13): error TS2304: Cannot find name 'expect'.
src/__tests__/integration/e2e-full-project.test.ts(83,13): error TS2304: Cannot find name 'expect'.
src/__tests__/integration/e2e-full-project.test.ts(86,9): error TS2582: Cannot find name 'it'. Do you need to install type definitions for a test runner? Try `npm i --save-dev @types/jest` or `npm i --save-dev @types/mocha`.
src/__tests__/integration/e2e-full-project.test.ts(90,13): error TS2304: Cannot find name 'expect'.
src/__tests__/integration/e2e-full-project.test.ts(91,13): error TS2304: Cannot find name 'expect'.
src/__tests__/integration/e2e-full-project.test.ts(92,13): error TS2304: Cannot find name 'expect'.
src/__tests__/integration/e2e-full-project.test.ts(95,9): error TS2582: Cannot find name 'it'. Do you need to install type definitions for a test runner? Try `npm i --save-dev @types/jest` or `npm i --save-dev @types/mocha`.
src/__tests__/integration/e2e-full-project.test.ts(102,13): error TS2304: Cannot find name 'expect'.
src/__tests__/integration/e2e-full-project.test.ts(103,13): error TS2304: Cannot find name 'expect'.
src/__tests__/integration/e2e-full-project.test.ts(104,13): error TS2304: Cannot find name 'expect'.
src/__tests__/integration/e2e-full-project.test.ts(107,9): error TS2582: Cannot find name 'it'. Do you need to install type definitions for a test runner? Try `npm i --save-dev @types/jest` or `npm i --save-dev @types/mocha`.
src/__tests__/integration/e2e-full-project.test.ts(129,13): error TS2304: Cannot find name 'expect'.
src/__tests__/integration/e2e-full-project.test.ts(130,13): error TS2304: Cannot find name 'expect'.
src/__tests__/integration/e2e-full-project.test.ts(131,13): error TS2304: Cannot find name 'expect'.
src/__tests__/integration/e2e-full-project.test.ts(132,13): error TS2304: Cannot find name 'expect'.
src/__tests__/integration/e2e-full-project.test.ts(133,13): error TS2304: Cannot find name 'expect'.
src/__tests__/integration/e2e-full-project.test.ts(136,9): error TS2582: Cannot find name 'it'. Do you need to install type definitions for a test runner? Try `npm i --save-dev @types/jest` or `npm i --save-dev @types/mocha`.
src/__tests__/integration/e2e-full-project.test.ts(142,13): error TS2304: Cannot find name 'expect'.
src/__tests__/integration/e2e-full-project.test.ts(143,13): error TS2304: Cannot find name 'expect'.
src/__tests__/integration/e2e-full-project.test.ts(147,5): error TS2582: Cannot find name 'describe'. Do you need to install type definitions for a test runner? Try `npm i --save-dev @types/jest` or `npm i --save-dev @types/mocha`.
src/__tests__/integration/e2e-full-project.test.ts(148,9): error TS2582: Cannot find name 'it'. Do you need to install type definitions for a test runner? Try `npm i --save-dev @types/jest` or `npm i --save-dev @types/mocha`.
src/__tests__/integration/e2e-full-project.test.ts(164,13): error TS2304: Cannot find name 'expect'.
src/__tests__/integration/e2e-full-project.test.ts(167,9): error TS2582: Cannot find name 'it'. Do you need to install type definitions for a test runner? Try `npm i --save-dev @types/jest` or `npm i --save-dev @types/mocha`.
src/__tests__/integration/e2e-full-project.test.ts(171,19): error TS2304: Cannot find name 'expect'.
src/__tests__/integration/e2e-full-project.test.ts(176,9): error TS2582: Cannot find name 'it'. Do you need to install type definitions for a test runner? Try `npm i --save-dev @types/jest` or `npm i --save-dev @types/mocha`.
src/__tests__/integration/e2e-full-project.test.ts(178,19): error TS2304: Cannot find name 'expect'.
src/__tests__/integration/e2e-full-project.test.ts(192,5): error TS2582: Cannot find name 'describe'. Do you need to install type definitions for a test runner? Try `npm i --save-dev @types/jest` or `npm i --save-dev @types/mocha`.
src/__tests__/integration/e2e-full-project.test.ts(193,9): error TS2582: Cannot find name 'it'. Do you need to install type definitions for a test runner? Try `npm i --save-dev @types/jest` or `npm i --save-dev @types/mocha`.
src/__tests__/integration/e2e-full-project.test.ts(203,17): error TS2304: Cannot find name 'expect'.
src/__tests__/integration/e2e-full-project.test.ts(207,9): error TS2582: Cannot find name 'it'. Do you need to install type definitions for a test runner? Try `npm i --save-dev @types/jest` or `npm i --save-dev @types/mocha`.
src/__tests__/integration/e2e-full-project.test.ts(230,13): error TS2304: Cannot find name 'expect'.
src/__tests__/integration/e2e-full-project.test.ts(231,13): error TS2304: Cannot find name 'expect'.
src/__tests__/integration/e2e-full-project.test.ts(232,13): error TS2304: Cannot find name 'expect'.
src/__tests__/integration/e2e-full-project.test.ts(236,5): error TS2582: Cannot find name 'describe'. Do you need to install type definitions for a test runner? Try `npm i --save-dev @types/jest` or `npm i --save-dev @types/mocha`.
src/__tests__/integration/e2e-full-project.test.ts(237,9): error TS2582: Cannot find name 'it'. Do you need to install type definitions for a test runner? Try `npm i --save-dev @types/jest` or `npm i --save-dev @types/mocha`.
src/__tests__/integration/e2e-full-project.test.ts(246,13): error TS2304: Cannot find name 'expect'.
src/__tests__/integration/e2e-full-project.test.ts(247,13): error TS2304: Cannot find name 'expect'.
src/__tests__/integration/e2e-full-project.test.ts(248,13): error TS2304: Cannot find name 'expect'.
src/__tests__/integration/e2e-full-project.test.ts(251,9): error TS2582: Cannot find name 'it'. Do you need to install type definitions for a test runner? Try `npm i --save-dev @types/jest` or `npm i --save-dev @types/mocha`.
src/__tests__/integration/e2e-full-project.test.ts(270,13): error TS2304: Cannot find name 'expect'.
src/__tests__/integration/e2e-full-project.test.ts(271,13): error TS2304: Cannot find name 'expect'.
src/__tests__/integration/e2e-full-project.test.ts(274,9): error TS2582: Cannot find name 'it'. Do you need to install type definitions for a test runner? Try `npm i --save-dev @types/jest` or `npm i --save-dev @types/mocha`.
src/__tests__/integration/e2e-full-project.test.ts(284,13): error TS2304: Cannot find name 'expect'.
src/__tests__/integration/e2e-full-project.test.ts(288,5): error TS2582: Cannot find name 'describe'. Do you need to install type definitions for a test runner? Try `npm i --save-dev @types/jest` or `npm i --save-dev @types/mocha`.
src/__tests__/integration/e2e-full-project.test.ts(289,9): error TS2582: Cannot find name 'it'. Do you need to install type definitions for a test runner? Try `npm i --save-dev @types/jest` or `npm i --save-dev @types/mocha`.
src/__tests__/integration/e2e-full-project.test.ts(298,13): error TS2304: Cannot find name 'expect'.
src/__tests__/integration/e2e-full-project.test.ts(302,13): error TS2304: Cannot find name 'expect'.
src/__tests__/integration/e2e-full-project.test.ts(313,13): error TS2304: Cannot find name 'expect'.
src/__tests__/integration/e2e-full-project.test.ts(322,13): error TS2304: Cannot find name 'expect'.
src/__tests__/integration/e2e-full-project.test.ts(341,13): error TS2304: Cannot find name 'expect'.
src/__tests__/integration/e2e-full-project.test.ts(342,13): error TS2304: Cannot find name 'expect'.
src/__tests__/integration/e2e-full-project.test.ts(343,13): error TS2304: Cannot find name 'expect'.
src/__tests__/integration/e2e-full-project.test.ts(346,9): error TS2582: Cannot find name 'it'. Do you need to install type definitions for a test runner? Try `npm i --save-dev @types/jest` or `npm i --save-dev @types/mocha`.
src/__tests__/integration/e2e-full-project.test.ts(354,13): error TS2304: Cannot find name 'expect'.
src/__tests__/integration/e2e-full-project.test.ts(357,9): error TS2582: Cannot find name 'it'. Do you need to install type definitions for a test runner? Try `npm i --save-dev @types/jest` or `npm i --save-dev @types/mocha`.
src/__tests__/integration/e2e-full-project.test.ts(367,13): error TS2304: Cannot find name 'expect'.
src/__tests__/integration/e2e-full-project.test.ts(368,13): error TS2304: Cannot find name 'expect'.
src/__tests__/integration/e2e-full-project.test.ts(372,5): error TS2582: Cannot find name 'describe'. Do you need to install type definitions for a test runner? Try `npm i --save-dev @types/jest` or `npm i --save-dev @types/mocha`.
src/__tests__/integration/e2e-full-project.test.ts(373,9): error TS2582: Cannot find name 'it'. Do you need to install type definitions for a test runner? Try `npm i --save-dev @types/jest` or `npm i --save-dev @types/mocha`.
src/__tests__/integration/e2e-full-project.test.ts(378,19): error TS2304: Cannot find name 'expect'.
src/__tests__/integration/e2e-full-project.test.ts(388,9): error TS2582: Cannot find name 'it'. Do you need to install type definitions for a test runner? Try `npm i --save-dev @types/jest` or `npm i --save-dev @types/mocha`.
src/__tests__/integration/e2e-full-project.test.ts(399,13): error TS2304: Cannot find name 'expect'.
src/__tests__/integration/e2e-full-project.test.ts(400,13): error TS2304: Cannot find name 'expect'.
src/__tests__/integration/health.test.ts(4,1): error TS2582: Cannot find name 'describe'. Do you need to install type definitions for a test runner? Try `npm i --save-dev @types/jest` or `npm i --save-dev @types/mocha`.
src/__tests__/integration/health.test.ts(5,5): error TS2582: Cannot find name 'describe'. Do you need to install type definitions for a test runner? Try `npm i --save-dev @types/jest` or `npm i --save-dev @types/mocha`.
src/__tests__/integration/health.test.ts(6,9): error TS2582: Cannot find name 'it'. Do you need to install type definitions for a test runner? Try `npm i --save-dev @types/jest` or `npm i --save-dev @types/mocha`.
src/__tests__/integration/health.test.ts(11,13): error TS2304: Cannot find name 'expect'.
src/__tests__/integration/health.test.ts(12,13): error TS2304: Cannot find name 'expect'.
src/__tests__/integration/health.test.ts(24,9): error TS2582: Cannot find name 'it'. Do you need to install type definitions for a test runner? Try `npm i --save-dev @types/jest` or `npm i --save-dev @types/mocha`.
src/__tests__/integration/health.test.ts(29,13): error TS2304: Cannot find name 'expect'.
src/__tests__/integration/health.test.ts(32,9): error TS2582: Cannot find name 'it'. Do you need to install type definitions for a test runner? Try `npm i --save-dev @types/jest` or `npm i --save-dev @types/mocha`.
src/__tests__/integration/health.test.ts(37,13): error TS2304: Cannot find name 'expect'.
src/__tests__/integration/health.test.ts(41,17): error TS2304: Cannot find name 'expect'.
src/__tests__/integration/health.test.ts(45,9): error TS2582: Cannot find name 'it'. Do you need to install type definitions for a test runner? Try `npm i --save-dev @types/jest` or `npm i --save-dev @types/mocha`.
src/__tests__/integration/health.test.ts(50,13): error TS2304: Cannot find name 'expect'.
src/__tests__/integration/health.test.ts(52,17): error TS2304: Cannot find name 'expect'.
src/__tests__/integration/health.test.ts(56,9): error TS2582: Cannot find name 'it'. Do you need to install type definitions for a test runner? Try `npm i --save-dev @types/jest` or `npm i --save-dev @types/mocha`.
src/__tests__/integration/health.test.ts(62,13): error TS2304: Cannot find name 'expect'.
src/__tests__/integration/health.test.ts(65,9): error TS2582: Cannot find name 'it'. Do you need to install type definitions for a test runner? Try `npm i --save-dev @types/jest` or `npm i --save-dev @types/mocha`.
src/__tests__/integration/health.test.ts(75,13): error TS2304: Cannot find name 'expect'.
src/__tests__/integration/health.test.ts(78,9): error TS2582: Cannot find name 'it'. Do you need to install type definitions for a test runner? Try `npm i --save-dev @types/jest` or `npm i --save-dev @types/mocha`.
src/__tests__/integration/health.test.ts(91,17): error TS2304: Cannot find name 'expect'.
src/__tests__/integration/moderation.test.ts(20,1): error TS2304: Cannot find name 'vi'.
src/__tests__/integration/moderation.test.ts(21,23): error TS2304: Cannot find name 'vi'.
src/__tests__/integration/moderation.test.ts(24,1): error TS2304: Cannot find name 'vi'.
src/__tests__/integration/moderation.test.ts(32,1): error TS2582: Cannot find name 'describe'. Do you need to install type definitions for a test runner? Try `npm i --save-dev @types/jest` or `npm i --save-dev @types/mocha`.
src/__tests__/integration/moderation.test.ts(38,5): error TS2304: Cannot find name 'beforeEach'.
src/__tests__/integration/moderation.test.ts(49,5): error TS2582: Cannot find name 'describe'. Do you need to install type definitions for a test runner? Try `npm i --save-dev @types/jest` or `npm i --save-dev @types/mocha`.
src/__tests__/integration/moderation.test.ts(50,9): error TS2582: Cannot find name 'it'. Do you need to install type definitions for a test runner? Try `npm i --save-dev @types/jest` or `npm i --save-dev @types/mocha`.
src/__tests__/integration/moderation.test.ts(51,13): error TS2304: Cannot find name 'vi'.
src/__tests__/integration/moderation.test.ts(62,13): error TS2304: Cannot find name 'expect'.
src/__tests__/integration/moderation.test.ts(63,13): error TS2304: Cannot find name 'expect'.
src/__tests__/integration/moderation.test.ts(64,13): error TS2304: Cannot find name 'expect'.
src/__tests__/integration/moderation.test.ts(71,13): error TS2304: Cannot find name 'expect'.
src/__tests__/integration/moderation.test.ts(74,9): error TS2582: Cannot find name 'it'. Do you need to install type definitions for a test runner? Try `npm i --save-dev @types/jest` or `npm i --save-dev @types/mocha`.
src/__tests__/integration/moderation.test.ts(75,13): error TS2304: Cannot find name 'vi'.
src/__tests__/integration/moderation.test.ts(82,13): error TS2304: Cannot find name 'expect'.
src/__tests__/integration/moderation.test.ts(83,13): error TS2304: Cannot find name 'expect'.
src/__tests__/integration/moderation.test.ts(86,9): error TS2582: Cannot find name 'it'. Do you need to install type definitions for a test runner? Try `npm i --save-dev @types/jest` or `npm i --save-dev @types/mocha`.
src/__tests__/integration/moderation.test.ts(87,13): error TS2304: Cannot find name 'vi'.
src/__tests__/integration/moderation.test.ts(94,13): error TS2304: Cannot find name 'expect'.
src/__tests__/integration/moderation.test.ts(95,13): error TS2304: Cannot find name 'expect'.
src/__tests__/integration/moderation.test.ts(99,5): error TS2582: Cannot find name 'describe'. Do you need to install type definitions for a test runner? Try `npm i --save-dev @types/jest` or `npm i --save-dev @types/mocha`.
src/__tests__/integration/moderation.test.ts(100,9): error TS2582: Cannot find name 'it'. Do you need to install type definitions for a test runner? Try `npm i --save-dev @types/jest` or `npm i --save-dev @types/mocha`.
src/__tests__/integration/moderation.test.ts(101,13): error TS2304: Cannot find name 'vi'.
src/__tests__/integration/moderation.test.ts(108,13): error TS2304: Cannot find name 'expect'.
src/__tests__/integration/moderation.test.ts(109,13): error TS2304: Cannot find name 'expect'.
src/__tests__/integration/moderation.test.ts(110,13): error TS2304: Cannot find name 'expect'.
src/__tests__/integration/moderation.test.ts(117,13): error TS2304: Cannot find name 'expect'.
src/__tests__/integration/moderation.test.ts(120,9): error TS2582: Cannot find name 'it'. Do you need to install type definitions for a test runner? Try `npm i --save-dev @types/jest` or `npm i --save-dev @types/mocha`.
src/__tests__/integration/moderation.test.ts(121,13): error TS2304: Cannot find name 'vi'.
src/__tests__/integration/moderation.test.ts(128,13): error TS2304: Cannot find name 'expect'.
src/__tests__/integration/moderation.test.ts(129,13): error TS2304: Cannot find name 'expect'.
src/__tests__/integration/moderation.test.ts(133,5): error TS2582: Cannot find name 'describe'. Do you need to install type definitions for a test runner? Try `npm i --save-dev @types/jest` or `npm i --save-dev @types/mocha`.
src/__tests__/integration/moderation.test.ts(134,9): error TS2582: Cannot find name 'it'. Do you need to install type definitions for a test runner? Try `npm i --save-dev @types/jest` or `npm i --save-dev @types/mocha`.
src/__tests__/integration/moderation.test.ts(135,13): error TS2304: Cannot find name 'vi'.
src/__tests__/integration/moderation.test.ts(148,13): error TS2304: Cannot find name 'expect'.
src/__tests__/integration/moderation.test.ts(149,13): error TS2304: Cannot find name 'expect'.
src/__tests__/integration/moderation.test.ts(156,13): error TS2304: Cannot find name 'expect'.
src/__tests__/integration/moderation.test.ts(159,9): error TS2582: Cannot find name 'it'. Do you need to install type definitions for a test runner? Try `npm i --save-dev @types/jest` or `npm i --save-dev @types/mocha`.
src/__tests__/integration/moderation.test.ts(160,13): error TS2304: Cannot find name 'vi'.
src/__tests__/integration/moderation.test.ts(173,13): error TS2304: Cannot find name 'expect'.
src/__tests__/integration/moderation.test.ts(174,13): error TS2304: Cannot find name 'expect'.
src/__tests__/integration/moderation.test.ts(177,9): error TS2582: Cannot find name 'it'. Do you need to install type definitions for a test runner? Try `npm i --save-dev @types/jest` or `npm i --save-dev @types/mocha`.
src/__tests__/integration/moderation.test.ts(178,13): error TS2304: Cannot find name 'vi'.
src/__tests__/integration/moderation.test.ts(198,13): error TS2304: Cannot find name 'expect'.
src/__tests__/integration/moderation.test.ts(199,13): error TS2304: Cannot find name 'expect'.
src/__tests__/integration/moderation.test.ts(203,5): error TS2582: Cannot find name 'describe'. Do you need to install type definitions for a test runner? Try `npm i --save-dev @types/jest` or `npm i --save-dev @types/mocha`.
src/__tests__/integration/moderation.test.ts(204,9): error TS2582: Cannot find name 'it'. Do you need to install type definitions for a test runner? Try `npm i --save-dev @types/jest` or `npm i --save-dev @types/mocha`.
src/__tests__/integration/moderation.test.ts(205,13): error TS2304: Cannot find name 'vi'.
src/__tests__/integration/moderation.test.ts(218,13): error TS2304: Cannot find name 'expect'.
src/__tests__/integration/moderation.test.ts(219,13): error TS2304: Cannot find name 'expect'.
src/__tests__/integration/moderation.test.ts(229,13): error TS2304: Cannot find name 'expect'.
src/__tests__/integration/moderation.test.ts(232,9): error TS2582: Cannot find name 'it'. Do you need to install type definitions for a test runner? Try `npm i --save-dev @types/jest` or `npm i --save-dev @types/mocha`.
src/__tests__/integration/moderation.test.ts(233,13): error TS2304: Cannot find name 'vi'.
src/__tests__/integration/moderation.test.ts(246,13): error TS2304: Cannot find name 'expect'.
src/__tests__/integration/moderation.test.ts(247,13): error TS2304: Cannot find name 'expect'.
src/__tests__/integration/moderation.test.ts(250,9): error TS2582: Cannot find name 'it'. Do you need to install type definitions for a test runner? Try `npm i --save-dev @types/jest` or `npm i --save-dev @types/mocha`.
src/__tests__/integration/moderation.test.ts(251,13): error TS2304: Cannot find name 'vi'.
src/__tests__/integration/moderation.test.ts(264,13): error TS2304: Cannot find name 'expect'.
src/__tests__/integration/moderation.test.ts(265,13): error TS2304: Cannot find name 'expect'.
src/__tests__/integration/moderation.test.ts(269,5): error TS2582: Cannot find name 'describe'. Do you need to install type definitions for a test runner? Try `npm i --save-dev @types/jest` or `npm i --save-dev @types/mocha`.
src/__tests__/integration/moderation.test.ts(270,9): error TS2304: Cannot find name 'beforeEach'.
src/__tests__/integration/moderation.test.ts(292,9): error TS2582: Cannot find name 'it'. Do you need to install type definitions for a test runner? Try `npm i --save-dev @types/jest` or `npm i --save-dev @types/mocha`.
src/__tests__/integration/moderation.test.ts(293,13): error TS2304: Cannot find name 'vi'.
src/__tests__/integration/moderation.test.ts(299,13): error TS2304: Cannot find name 'expect'.
src/__tests__/integration/moderation.test.ts(300,13): error TS2304: Cannot find name 'expect'.
src/__tests__/integration/moderation.test.ts(301,13): error TS2304: Cannot find name 'expect'.
src/__tests__/integration/moderation.test.ts(304,9): error TS2582: Cannot find name 'it'. Do you need to install type definitions for a test runner? Try `npm i --save-dev @types/jest` or `npm i --save-dev @types/mocha`.
src/__tests__/integration/moderation.test.ts(305,13): error TS2304: Cannot find name 'vi'.
src/__tests__/integration/moderation.test.ts(311,13): error TS2304: Cannot find name 'expect'.
src/__tests__/integration/moderation.test.ts(312,13): error TS2304: Cannot find name 'expect'.
src/__tests__/integration/moderation.test.ts(315,9): error TS2582: Cannot find name 'it'. Do you need to install type definitions for a test runner? Try `npm i --save-dev @types/jest` or `npm i --save-dev @types/mocha`.
src/__tests__/integration/moderation.test.ts(316,13): error TS2304: Cannot find name 'vi'.
src/__tests__/integration/moderation.test.ts(322,13): error TS2304: Cannot find name 'expect'.
src/__tests__/integration/moderation.test.ts(325,17): error TS2304: Cannot find name 'expect'.
src/__tests__/integration/posts.test.ts(14,1): error TS2304: Cannot find name 'vi'.
src/__tests__/integration/posts.test.ts(15,21): error TS2304: Cannot find name 'vi'.
src/__tests__/integration/posts.test.ts(18,1): error TS2304: Cannot find name 'vi'.
src/__tests__/integration/posts.test.ts(26,1): error TS2582: Cannot find name 'describe'. Do you need to install type definitions for a test runner? Try `npm i --save-dev @types/jest` or `npm i --save-dev @types/mocha`.
src/__tests__/integration/posts.test.ts(31,3): error TS2304: Cannot find name 'beforeEach'.
src/__tests__/integration/posts.test.ts(43,3): error TS2582: Cannot find name 'describe'. Do you need to install type definitions for a test runner? Try `npm i --save-dev @types/jest` or `npm i --save-dev @types/mocha`.
src/__tests__/integration/posts.test.ts(44,5): error TS2582: Cannot find name 'it'. Do you need to install type definitions for a test runner? Try `npm i --save-dev @types/jest` or `npm i --save-dev @types/mocha`.
src/__tests__/integration/posts.test.ts(45,7): error TS2304: Cannot find name 'vi'.
src/__tests__/integration/posts.test.ts(59,7): error TS2304: Cannot find name 'expect'.
src/__tests__/integration/posts.test.ts(60,7): error TS2304: Cannot find name 'expect'.
src/__tests__/integration/posts.test.ts(61,7): error TS2304: Cannot find name 'expect'.
src/__tests__/integration/posts.test.ts(62,7): error TS2304: Cannot find name 'expect'.
src/__tests__/integration/posts.test.ts(63,7): error TS2304: Cannot find name 'expect'.
src/__tests__/integration/posts.test.ts(69,7): error TS2304: Cannot find name 'expect'.
src/__tests__/integration/posts.test.ts(70,7): error TS2304: Cannot find name 'expect'.
src/__tests__/integration/posts.test.ts(73,5): error TS2582: Cannot find name 'it'. Do you need to install type definitions for a test runner? Try `npm i --save-dev @types/jest` or `npm i --save-dev @types/mocha`.
src/__tests__/integration/posts.test.ts(74,7): error TS2304: Cannot find name 'vi'.
src/__tests__/integration/posts.test.ts(88,7): error TS2304: Cannot find name 'expect'.
src/__tests__/integration/posts.test.ts(89,7): error TS2304: Cannot find name 'expect'.
src/__tests__/integration/posts.test.ts(90,7): error TS2304: Cannot find name 'expect'.
src/__tests__/integration/posts.test.ts(93,5): error TS2582: Cannot find name 'it'. Do you need to install type definitions for a test runner? Try `npm i --save-dev @types/jest` or `npm i --save-dev @types/mocha`.
src/__tests__/integration/posts.test.ts(94,7): error TS2304: Cannot find name 'vi'.
src/__tests__/integration/posts.test.ts(107,7): error TS2304: Cannot find name 'expect'.
src/__tests__/integration/posts.test.ts(108,7): error TS2304: Cannot find name 'expect'.
src/__tests__/integration/posts.test.ts(111,5): error TS2582: Cannot find name 'it'. Do you need to install type definitions for a test runner? Try `npm i --save-dev @types/jest` or `npm i --save-dev @types/mocha`.
src/__tests__/integration/posts.test.ts(112,7): error TS2304: Cannot find name 'vi'.
src/__tests__/integration/posts.test.ts(124,7): error TS2304: Cannot find name 'expect'.
src/__tests__/integration/posts.test.ts(125,7): error TS2304: Cannot find name 'expect'.
src/__tests__/integration/posts.test.ts(128,5): error TS2582: Cannot find name 'it'. Do you need to install type definitions for a test runner? Try `npm i --save-dev @types/jest` or `npm i --save-dev @types/mocha`.
src/__tests__/integration/posts.test.ts(129,7): error TS2304: Cannot find name 'vi'.
src/__tests__/integration/posts.test.ts(146,7): error TS2304: Cannot find name 'expect'.
src/__tests__/integration/posts.test.ts(147,7): error TS2304: Cannot find name 'expect'.
src/__tests__/integration/posts.test.ts(148,7): error TS2304: Cannot find name 'expect'.
src/__tests__/integration/posts.test.ts(152,3): error TS2582: Cannot find name 'describe'. Do you need to install type definitions for a test runner? Try `npm i --save-dev @types/jest` or `npm i --save-dev @types/mocha`.
src/__tests__/integration/posts.test.ts(153,5): error TS2304: Cannot find name 'beforeEach'.
src/__tests__/integration/posts.test.ts(173,5): error TS2582: Cannot find name 'it'. Do you need to install type definitions for a test runner? Try `npm i --save-dev @types/jest` or `npm i --save-dev @types/mocha`.
src/__tests__/integration/posts.test.ts(181,7): error TS2304: Cannot find name 'expect'.
src/__tests__/integration/posts.test.ts(182,7): error TS2304: Cannot find name 'expect'.
src/__tests__/integration/posts.test.ts(183,7): error TS2304: Cannot find name 'expect'.
src/__tests__/integration/posts.test.ts(184,7): error TS2304: Cannot find name 'expect'.
src/__tests__/integration/posts.test.ts(185,7): error TS2304: Cannot find name 'expect'.
src/__tests__/integration/posts.test.ts(188,5): error TS2582: Cannot find name 'it'. Do you need to install type definitions for a test runner? Try `npm i --save-dev @types/jest` or `npm i --save-dev @types/mocha`.
src/__tests__/integration/posts.test.ts(196,7): error TS2304: Cannot find name 'expect'.
src/__tests__/integration/posts.test.ts(197,7): error TS2304: Cannot find name 'expect'.
src/__tests__/integration/posts.test.ts(200,5): error TS2582: Cannot find name 'it'. Do you need to install type definitions for a test runner? Try `npm i --save-dev @types/jest` or `npm i --save-dev @types/mocha`.
src/__tests__/integration/posts.test.ts(212,7): error TS2304: Cannot find name 'expect'.
src/__tests__/integration/posts.test.ts(213,7): error TS2304: Cannot find name 'expect'.
src/__tests__/integration/posts.test.ts(216,5): error TS2582: Cannot find name 'it'. Do you need to install type definitions for a test runner? Try `npm i --save-dev @types/jest` or `npm i --save-dev @types/mocha`.
src/__tests__/integration/posts.test.ts(224,7): error TS2304: Cannot find name 'expect'.
src/__tests__/integration/posts.test.ts(230,9): error TS2304: Cannot find name 'expect'.
src/__tests__/integration/posts.test.ts(234,5): error TS2582: Cannot find name 'it'. Do you need to install type definitions for a test runner? Try `npm i --save-dev @types/jest` or `npm i --save-dev @types/mocha`.
src/__tests__/integration/posts.test.ts(242,7): error TS2304: Cannot find name 'expect'.
src/__tests__/integration/posts.test.ts(243,7): error TS2304: Cannot find name 'expect'.
src/__tests__/integration/posts.test.ts(244,7): error TS2304: Cannot find name 'expect'.
src/__tests__/integration/posts.test.ts(248,3): error TS2582: Cannot find name 'describe'. Do you need to install type definitions for a test runner? Try `npm i --save-dev @types/jest` or `npm i --save-dev @types/mocha`.
src/__tests__/integration/posts.test.ts(249,5): error TS2582: Cannot find name 'it'. Do you need to install type definitions for a test runner? Try `npm i --save-dev @types/jest` or `npm i --save-dev @types/mocha`.
src/__tests__/integration/posts.test.ts(259,7): error TS2304: Cannot find name 'expect'.
src/__tests__/integration/posts.test.ts(260,7): error TS2304: Cannot find name 'expect'.
src/__tests__/integration/posts.test.ts(261,7): error TS2304: Cannot find name 'expect'.
src/__tests__/integration/posts.test.ts(262,7): error TS2304: Cannot find name 'expect'.
src/__tests__/integration/posts.test.ts(263,7): error TS2304: Cannot find name 'expect'.
src/__tests__/integration/posts.test.ts(264,7): error TS2304: Cannot find name 'expect'.
src/__tests__/integration/posts.test.ts(267,5): error TS2582: Cannot find name 'it'. Do you need to install type definitions for a test runner? Try `npm i --save-dev @types/jest` or `npm i --save-dev @types/mocha`.
src/__tests__/integration/posts.test.ts(274,7): error TS2304: Cannot find name 'expect'.
src/__tests__/integration/posts.test.ts(275,7): error TS2304: Cannot find name 'expect'.
src/__tests__/integration/posts.test.ts(278,5): error TS2582: Cannot find name 'it'. Do you need to install type definitions for a test runner? Try `npm i --save-dev @types/jest` or `npm i --save-dev @types/mocha`.
src/__tests__/integration/posts.test.ts(289,7): error TS2304: Cannot find name 'expect'.
src/__tests__/integration/posts.test.ts(290,7): error TS2304: Cannot find name 'expect'.
src/__tests__/integration/posts.test.ts(291,7): error TS2304: Cannot find name 'expect'.
src/__tests__/integration/posts.test.ts(295,3): error TS2582: Cannot find name 'describe'. Do you need to install type definitions for a test runner? Try `npm i --save-dev @types/jest` or `npm i --save-dev @types/mocha`.
src/__tests__/integration/posts.test.ts(296,5): error TS2582: Cannot find name 'it'. Do you need to install type definitions for a test runner? Try `npm i --save-dev @types/jest` or `npm i --save-dev @types/mocha`.
src/__tests__/integration/posts.test.ts(297,7): error TS2304: Cannot find name 'vi'.
src/__tests__/integration/posts.test.ts(314,7): error TS2304: Cannot find name 'expect'.
src/__tests__/integration/posts.test.ts(315,7): error TS2304: Cannot find name 'expect'.
src/__tests__/integration/posts.test.ts(316,7): error TS2304: Cannot find name 'expect'.
src/__tests__/integration/posts.test.ts(322,7): error TS2304: Cannot find name 'expect'.
src/__tests__/integration/posts.test.ts(325,5): error TS2582: Cannot find name 'it'. Do you need to install type definitions for a test runner? Try `npm i --save-dev @types/jest` or `npm i --save-dev @types/mocha`.
src/__tests__/integration/posts.test.ts(327,7): error TS2304: Cannot find name 'vi'.
src/__tests__/integration/posts.test.ts(343,7): error TS2304: Cannot find name 'expect'.
src/__tests__/integration/posts.test.ts(344,7): error TS2304: Cannot find name 'expect'.
src/__tests__/integration/posts.test.ts(347,5): error TS2582: Cannot find name 'it'. Do you need to install type definitions for a test runner? Try `npm i --save-dev @types/jest` or `npm i --save-dev @types/mocha`.
src/__tests__/integration/posts.test.ts(348,7): error TS2304: Cannot find name 'vi'.
src/__tests__/integration/posts.test.ts(364,7): error TS2304: Cannot find name 'expect'.
src/__tests__/integration/posts.test.ts(365,7): error TS2304: Cannot find name 'expect'.
src/__tests__/integration/posts.test.ts(369,3): error TS2582: Cannot find name 'describe'. Do you need to install type definitions for a test runner? Try `npm i --save-dev @types/jest` or `npm i --save-dev @types/mocha`.
src/__tests__/integration/posts.test.ts(370,5): error TS2582: Cannot find name 'it'. Do you need to install type definitions for a test runner? Try `npm i --save-dev @types/jest` or `npm i --save-dev @types/mocha`.
src/__tests__/integration/posts.test.ts(371,7): error TS2304: Cannot find name 'vi'.
src/__tests__/integration/posts.test.ts(382,7): error TS2304: Cannot find name 'expect'.
src/__tests__/integration/posts.test.ts(383,7): error TS2304: Cannot find name 'expect'.
src/__tests__/integration/posts.test.ts(389,7): error TS2304: Cannot find name 'expect'.
src/__tests__/integration/posts.test.ts(392,5): error TS2582: Cannot find name 'it'. Do you need to install type definitions for a test runner? Try `npm i --save-dev @types/jest` or `npm i --save-dev @types/mocha`.
src/__tests__/integration/posts.test.ts(393,7): error TS2304: Cannot find name 'vi'.
src/__tests__/integration/posts.test.ts(404,7): error TS2304: Cannot find name 'expect'.
src/__tests__/integration/posts.test.ts(405,7): error TS2304: Cannot find name 'expect'.
src/__tests__/integration/posts.test.ts(408,5): error TS2582: Cannot find name 'it'. Do you need to install type definitions for a test runner? Try `npm i --save-dev @types/jest` or `npm i --save-dev @types/mocha`.
src/__tests__/integration/posts.test.ts(410,7): error TS2304: Cannot find name 'vi'.
src/__tests__/integration/posts.test.ts(421,7): error TS2304: Cannot find name 'expect'.
src/__tests__/integration/posts.test.ts(422,7): error TS2304: Cannot find name 'expect'.
src/__tests__/integration/posts.test.ts(428,7): error TS2304: Cannot find name 'expect'.
src/__tests__/integration/providers.test.ts(8,1): error TS2582: Cannot find name 'describe'. Do you need to install type definitions for a test runner? Try `npm i --save-dev @types/jest` or `npm i --save-dev @types/mocha`.
src/__tests__/integration/providers.test.ts(9,5): error TS2304: Cannot find name 'beforeEach'.
src/__tests__/integration/providers.test.ts(66,5): error TS2582: Cannot find name 'describe'. Do you need to install type definitions for a test runner? Try `npm i --save-dev @types/jest` or `npm i --save-dev @types/mocha`.
src/__tests__/integration/providers.test.ts(67,9): error TS2582: Cannot find name 'it'. Do you need to install type definitions for a test runner? Try `npm i --save-dev @types/jest` or `npm i --save-dev @types/mocha`.
src/__tests__/integration/providers.test.ts(72,13): error TS2304: Cannot find name 'expect'.
src/__tests__/integration/providers.test.ts(73,13): error TS2304: Cannot find name 'expect'.
src/__tests__/integration/providers.test.ts(74,13): error TS2304: Cannot find name 'expect'.
src/__tests__/integration/providers.test.ts(77,9): error TS2582: Cannot find name 'it'. Do you need to install type definitions for a test runner? Try `npm i --save-dev @types/jest` or `npm i --save-dev @types/mocha`.
src/__tests__/integration/providers.test.ts(84,13): error TS2304: Cannot find name 'expect'.
src/__tests__/integration/providers.test.ts(85,13): error TS2304: Cannot find name 'expect'.
src/__tests__/integration/providers.test.ts(88,9): error TS2582: Cannot find name 'it'. Do you need to install type definitions for a test runner? Try `npm i --save-dev @types/jest` or `npm i --save-dev @types/mocha`.
src/__tests__/integration/providers.test.ts(95,13): error TS2304: Cannot find name 'expect'.
src/__tests__/integration/providers.test.ts(96,13): error TS2304: Cannot find name 'expect'.
src/__tests__/integration/providers.test.ts(99,9): error TS2582: Cannot find name 'it'. Do you need to install type definitions for a test runner? Try `npm i --save-dev @types/jest` or `npm i --save-dev @types/mocha`.
src/__tests__/integration/providers.test.ts(110,13): error TS2304: Cannot find name 'expect'.
src/__tests__/integration/providers.test.ts(111,13): error TS2304: Cannot find name 'expect'.
src/__tests__/integration/providers.test.ts(114,9): error TS2582: Cannot find name 'it'. Do you need to install type definitions for a test runner? Try `npm i --save-dev @types/jest` or `npm i --save-dev @types/mocha`.
src/__tests__/integration/providers.test.ts(129,13): error TS2304: Cannot find name 'expect'.
src/__tests__/integration/providers.test.ts(130,13): error TS2304: Cannot find name 'expect'.
src/__tests__/integration/providers.test.ts(135,9): error TS2582: Cannot find name 'it'. Do you need to install type definitions for a test runner? Try `npm i --save-dev @types/jest` or `npm i --save-dev @types/mocha`.
src/__tests__/integration/providers.test.ts(146,13): error TS2304: Cannot find name 'expect'.
src/__tests__/integration/providers.test.ts(147,13): error TS2304: Cannot find name 'expect'.
src/__tests__/integration/providers.test.ts(150,9): error TS2582: Cannot find name 'it'. Do you need to install type definitions for a test runner? Try `npm i --save-dev @types/jest` or `npm i --save-dev @types/mocha`.
src/__tests__/integration/providers.test.ts(159,13): error TS2304: Cannot find name 'expect'.
src/__tests__/integration/providers.test.ts(161,13): error TS2304: Cannot find name 'expect'.
src/__tests__/integration/providers.test.ts(162,13): error TS2304: Cannot find name 'expect'.
src/__tests__/integration/providers.test.ts(163,13): error TS2304: Cannot find name 'expect'.
src/__tests__/integration/providers.test.ts(164,13): error TS2304: Cannot find name 'expect'.
src/__tests__/integration/providers.test.ts(165,13): error TS2304: Cannot find name 'expect'.
src/__tests__/integration/providers.test.ts(168,9): error TS2582: Cannot find name 'it'. Do you need to install type definitions for a test runner? Try `npm i --save-dev @types/jest` or `npm i --save-dev @types/mocha`.
src/__tests__/integration/providers.test.ts(172,13): error TS2304: Cannot find name 'expect'.
src/__tests__/integration/providers.test.ts(175,9): error TS2582: Cannot find name 'it'. Do you need to install type definitions for a test runner? Try `npm i --save-dev @types/jest` or `npm i --save-dev @types/mocha`.
src/__tests__/integration/providers.test.ts(186,13): error TS2304: Cannot find name 'expect'.
src/__tests__/integration/providers.test.ts(187,13): error TS2304: Cannot find name 'expect'.
src/__tests__/integration/providers.test.ts(188,13): error TS2304: Cannot find name 'expect'.
src/__tests__/integration/providers.test.ts(191,9): error TS2582: Cannot find name 'it'. Do you need to install type definitions for a test runner? Try `npm i --save-dev @types/jest` or `npm i --save-dev @types/mocha`.
src/__tests__/integration/providers.test.ts(198,13): error TS2304: Cannot find name 'expect'.
src/__tests__/integration/providers.test.ts(207,17): error TS2304: Cannot find name 'expect'.
src/__tests__/integration/reports.test.ts(15,1): error TS2304: Cannot find name 'vi'.
src/__tests__/integration/reports.test.ts(16,23): error TS2304: Cannot find name 'vi'.
src/__tests__/integration/reports.test.ts(19,1): error TS2304: Cannot find name 'vi'.
src/__tests__/integration/reports.test.ts(27,1): error TS2582: Cannot find name 'describe'. Do you need to install type definitions for a test runner? Try `npm i --save-dev @types/jest` or `npm i --save-dev @types/mocha`.
src/__tests__/integration/reports.test.ts(33,5): error TS2304: Cannot find name 'beforeEach'.
src/__tests__/integration/reports.test.ts(44,5): error TS2582: Cannot find name 'describe'. Do you need to install type definitions for a test runner? Try `npm i --save-dev @types/jest` or `npm i --save-dev @types/mocha`.
src/__tests__/integration/reports.test.ts(45,9): error TS2582: Cannot find name 'it'. Do you need to install type definitions for a test runner? Try `npm i --save-dev @types/jest` or `npm i --save-dev @types/mocha`.
src/__tests__/integration/reports.test.ts(46,13): error TS2304: Cannot find name 'vi'.
src/__tests__/integration/reports.test.ts(60,13): error TS2304: Cannot find name 'expect'.
src/__tests__/integration/reports.test.ts(61,13): error TS2304: Cannot find name 'expect'.
src/__tests__/integration/reports.test.ts(62,13): error TS2304: Cannot find name 'expect'.
src/__tests__/integration/reports.test.ts(63,13): error TS2304: Cannot find name 'expect'.
src/__tests__/integration/reports.test.ts(64,13): error TS2304: Cannot find name 'expect'.
src/__tests__/integration/reports.test.ts(74,13): error TS2304: Cannot find name 'expect'.
src/__tests__/integration/reports.test.ts(75,13): error TS2304: Cannot find name 'expect'.
src/__tests__/integration/reports.test.ts(78,9): error TS2582: Cannot find name 'it'. Do you need to install type definitions for a test runner? Try `npm i --save-dev @types/jest` or `npm i --save-dev @types/mocha`.
src/__tests__/integration/reports.test.ts(79,13): error TS2304: Cannot find name 'vi'.
src/__tests__/integration/reports.test.ts(93,13): error TS2304: Cannot find name 'expect'.
src/__tests__/integration/reports.test.ts(94,13): error TS2304: Cannot find name 'expect'.
src/__tests__/integration/reports.test.ts(97,9): error TS2582: Cannot find name 'it'. Do you need to install type definitions for a test runner? Try `npm i --save-dev @types/jest` or `npm i --save-dev @types/mocha`.
src/__tests__/integration/reports.test.ts(98,13): error TS2304: Cannot find name 'vi'.
src/__tests__/integration/reports.test.ts(111,13): error TS2304: Cannot find name 'expect'.
src/__tests__/integration/reports.test.ts(112,13): error TS2304: Cannot find name 'expect'.
src/__tests__/integration/reports.test.ts(115,9): error TS2582: Cannot find name 'it'. Do you need to install type definitions for a test runner? Try `npm i --save-dev @types/jest` or `npm i --save-dev @types/mocha`.
src/__tests__/integration/reports.test.ts(116,13): error TS2304: Cannot find name 'vi'.
src/__tests__/integration/reports.test.ts(129,13): error TS2304: Cannot find name 'expect'.
src/__tests__/integration/reports.test.ts(130,13): error TS2304: Cannot find name 'expect'.
src/__tests__/integration/reports.test.ts(133,9): error TS2582: Cannot find name 'it'. Do you need to install type definitions for a test runner? Try `npm i --save-dev @types/jest` or `npm i --save-dev @types/mocha`.
src/__tests__/integration/reports.test.ts(134,13): error TS2304: Cannot find name 'vi'.
src/__tests__/integration/reports.test.ts(154,17): error TS2304: Cannot find name 'expect'.
src/__tests__/integration/reports.test.ts(159,5): error TS2582: Cannot find name 'describe'. Do you need to install type definitions for a test runner? Try `npm i --save-dev @types/jest` or `npm i --save-dev @types/mocha`.
src/__tests__/integration/reports.test.ts(160,9): error TS2304: Cannot find name 'beforeEach'.
src/__tests__/integration/reports.test.ts(184,9): error TS2582: Cannot find name 'it'. Do you need to install type definitions for a test runner? Try `npm i --save-dev @types/jest` or `npm i --save-dev @types/mocha`.
src/__tests__/integration/reports.test.ts(185,13): error TS2304: Cannot find name 'vi'.
src/__tests__/integration/reports.test.ts(191,13): error TS2304: Cannot find name 'expect'.
src/__tests__/integration/reports.test.ts(192,13): error TS2304: Cannot find name 'expect'.
src/__tests__/integration/reports.test.ts(193,13): error TS2304: Cannot find name 'expect'.
src/__tests__/integration/reports.test.ts(196,9): error TS2582: Cannot find name 'it'. Do you need to install type definitions for a test runner? Try `npm i --save-dev @types/jest` or `npm i --save-dev @types/mocha`.
src/__tests__/integration/reports.test.ts(197,13): error TS2304: Cannot find name 'vi'.
src/__tests__/integration/reports.test.ts(203,13): error TS2304: Cannot find name 'expect'.
src/__tests__/integration/reports.test.ts(204,13): error TS2304: Cannot find name 'expect'.
src/__tests__/integration/reports.test.ts(207,9): error TS2582: Cannot find name 'it'. Do you need to install type definitions for a test runner? Try `npm i --save-dev @types/jest` or `npm i --save-dev @types/mocha`.
src/__tests__/integration/reports.test.ts(208,13): error TS2304: Cannot find name 'vi'.
src/__tests__/integration/reports.test.ts(214,13): error TS2304: Cannot find name 'expect'.
src/__tests__/integration/reports.test.ts(215,13): error TS2304: Cannot find name 'expect'.
src/__tests__/integration/reports.test.ts(219,5): error TS2582: Cannot find name 'describe'. Do you need to install type definitions for a test runner? Try `npm i --save-dev @types/jest` or `npm i --save-dev @types/mocha`.
src/__tests__/integration/reports.test.ts(222,9): error TS2304: Cannot find name 'beforeEach'.
src/__tests__/integration/reports.test.ts(236,9): error TS2582: Cannot find name 'it'. Do you need to install type definitions for a test runner? Try `npm i --save-dev @types/jest` or `npm i --save-dev @types/mocha`.
src/__tests__/integration/reports.test.ts(237,13): error TS2304: Cannot find name 'vi'.
src/__tests__/integration/reports.test.ts(248,13): error TS2304: Cannot find name 'expect'.
src/__tests__/integration/reports.test.ts(249,13): error TS2304: Cannot find name 'expect'.
src/__tests__/integration/reports.test.ts(256,13): error TS2304: Cannot find name 'expect'.
src/__tests__/integration/reports.test.ts(259,9): error TS2582: Cannot find name 'it'. Do you need to install type definitions for a test runner? Try `npm i --save-dev @types/jest` or `npm i --save-dev @types/mocha`.
src/__tests__/integration/reports.test.ts(260,13): error TS2304: Cannot find name 'vi'.
src/__tests__/integration/reports.test.ts(271,13): error TS2304: Cannot find name 'expect'.
src/__tests__/integration/reports.test.ts(272,13): error TS2304: Cannot find name 'expect'.
src/__tests__/integration/reports.test.ts(275,9): error TS2582: Cannot find name 'it'. Do you need to install type definitions for a test runner? Try `npm i --save-dev @types/jest` or `npm i --save-dev @types/mocha`.
src/__tests__/integration/reports.test.ts(276,13): error TS2304: Cannot find name 'vi'.
src/__tests__/integration/reports.test.ts(287,13): error TS2304: Cannot find name 'expect'.
src/__tests__/integration/reports.test.ts(288,13): error TS2304: Cannot find name 'expect'.
src/__tests__/integration/resources.test.ts(10,1): error TS2582: Cannot find name 'describe'. Do you need to install type definitions for a test runner? Try `npm i --save-dev @types/jest` or `npm i --save-dev @types/mocha`.
src/__tests__/integration/resources.test.ts(13,5): error TS2304: Cannot find name 'beforeEach'.
src/__tests__/integration/resources.test.ts(62,5): error TS2582: Cannot find name 'describe'. Do you need to install type definitions for a test runner? Try `npm i --save-dev @types/jest` or `npm i --save-dev @types/mocha`.
src/__tests__/integration/resources.test.ts(63,9): error TS2582: Cannot find name 'it'. Do you need to install type definitions for a test runner? Try `npm i --save-dev @types/jest` or `npm i --save-dev @types/mocha`.
src/__tests__/integration/resources.test.ts(68,13): error TS2304: Cannot find name 'expect'.
src/__tests__/integration/resources.test.ts(69,13): error TS2304: Cannot find name 'expect'.
src/__tests__/integration/resources.test.ts(70,13): error TS2304: Cannot find name 'expect'.
src/__tests__/integration/resources.test.ts(72,13): error TS2304: Cannot find name 'expect'.
src/__tests__/integration/resources.test.ts(75,9): error TS2582: Cannot find name 'it'. Do you need to install type definitions for a test runner? Try `npm i --save-dev @types/jest` or `npm i --save-dev @types/mocha`.
src/__tests__/integration/resources.test.ts(82,13): error TS2304: Cannot find name 'expect'.
src/__tests__/integration/resources.test.ts(83,13): error TS2304: Cannot find name 'expect'.
src/__tests__/integration/resources.test.ts(85,13): error TS2304: Cannot find name 'expect'.
src/__tests__/integration/resources.test.ts(88,9): error TS2582: Cannot find name 'it'. Do you need to install type definitions for a test runner? Try `npm i --save-dev @types/jest` or `npm i --save-dev @types/mocha`.
src/__tests__/integration/resources.test.ts(95,13): error TS2304: Cannot find name 'expect'.
src/__tests__/integration/resources.test.ts(96,13): error TS2304: Cannot find name 'expect'.
src/__tests__/integration/resources.test.ts(99,9): error TS2582: Cannot find name 'it'. Do you need to install type definitions for a test runner? Try `npm i --save-dev @types/jest` or `npm i --save-dev @types/mocha`.
src/__tests__/integration/resources.test.ts(104,13): error TS2304: Cannot find name 'expect'.
src/__tests__/integration/resources.test.ts(106,13): error TS2304: Cannot find name 'expect'.
src/__tests__/integration/resources.test.ts(107,13): error TS2304: Cannot find name 'expect'.
src/__tests__/integration/resources.test.ts(108,13): error TS2304: Cannot find name 'expect'.
src/__tests__/integration/resources.test.ts(109,13): error TS2304: Cannot find name 'expect'.
src/__tests__/integration/resources.test.ts(110,13): error TS2304: Cannot find name 'expect'.
src/__tests__/integration/resources.test.ts(113,9): error TS2582: Cannot find name 'it'. Do you need to install type definitions for a test runner? Try `npm i --save-dev @types/jest` or `npm i --save-dev @types/mocha`.
src/__tests__/integration/resources.test.ts(117,13): error TS2304: Cannot find name 'expect'.
src/__tests__/integration/resources.test.ts(120,9): error TS2582: Cannot find name 'it'. Do you need to install type definitions for a test runner? Try `npm i --save-dev @types/jest` or `npm i --save-dev @types/mocha`.
src/__tests__/integration/resources.test.ts(127,13): error TS2304: Cannot find name 'expect'.
src/__tests__/integration/resources.test.ts(128,13): error TS2304: Cannot find name 'expect'.
src/__tests__/integration/resources.test.ts(131,9): error TS2582: Cannot find name 'it'. Do you need to install type definitions for a test runner? Try `npm i --save-dev @types/jest` or `npm i --save-dev @types/mocha`.
src/__tests__/integration/resources.test.ts(138,13): error TS2304: Cannot find name 'expect'.
src/__tests__/integration/resources.test.ts(144,17): error TS2304: Cannot find name 'expect'.
src/__tests__/integration/resources.test.ts(148,9): error TS2582: Cannot find name 'it'. Do you need to install type definitions for a test runner? Try `npm i --save-dev @types/jest` or `npm i --save-dev @types/mocha`.
src/__tests__/integration/resources.test.ts(155,13): error TS2304: Cannot find name 'expect'.
src/__tests__/integration/resources.test.ts(156,13): error TS2304: Cannot find name 'expect'.
src/__tests__/integration/resources.test.ts(159,9): error TS2582: Cannot find name 'it'. Do you need to install type definitions for a test runner? Try `npm i --save-dev @types/jest` or `npm i --save-dev @types/mocha`.
src/__tests__/integration/resources.test.ts(167,13): error TS2304: Cannot find name 'expect'.
src/__tests__/integration/resources.test.ts(170,9): error TS2582: Cannot find name 'it'. Do you need to install type definitions for a test runner? Try `npm i --save-dev @types/jest` or `npm i --save-dev @types/mocha`.
src/__tests__/integration/resources.test.ts(179,21): error TS2304: Cannot find name 'expect'.
src/__tests__/integration/screening.test.tsx(22,18): error TS2304: Cannot find name 'vi'.
src/__tests__/integration/screening.test.tsx(23,21): error TS2304: Cannot find name 'vi'.
src/__tests__/integration/screening.test.tsx(24,23): error TS2304: Cannot find name 'vi'.
src/__tests__/integration/screening.test.tsx(26,1): error TS2304: Cannot find name 'vi'.
src/__tests__/integration/screening.test.tsx(30,15): error TS2304: Cannot find name 'vi'.
src/__tests__/integration/screening.test.tsx(31,18): error TS2304: Cannot find name 'vi'.
src/__tests__/integration/screening.test.tsx(32,18): error TS2304: Cannot find name 'vi'.
src/__tests__/integration/screening.test.tsx(33,19): error TS2304: Cannot find name 'vi'.
src/__tests__/integration/screening.test.tsx(54,1): error TS2582: Cannot find name 'describe'. Do you need to install type definitions for a test runner? Try `npm i --save-dev @types/jest` or `npm i --save-dev @types/mocha`.
src/__tests__/integration/screening.test.tsx(55,5): error TS2304: Cannot find name 'beforeEach'.
src/__tests__/integration/screening.test.tsx(57,9): error TS2304: Cannot find name 'vi'.
src/__tests__/integration/screening.test.tsx(58,9): error TS2304: Cannot find name 'vi'.
src/__tests__/integration/screening.test.tsx(64,5): error TS2304: Cannot find name 'afterEach'.
src/__tests__/integration/screening.test.tsx(65,9): error TS2304: Cannot find name 'vi'.
src/__tests__/integration/screening.test.tsx(68,5): error TS2582: Cannot find name 'it'. Do you need to install type definitions for a test runner? Try `npm i --save-dev @types/jest` or `npm i --save-dev @types/mocha`.
src/__tests__/integration/screening.test.tsx(76,13): error TS2304: Cannot find name 'vi'.
src/__tests__/integration/screening.test.tsx(80,9): error TS2304: Cannot find name 'expect'.
src/__tests__/integration/screening.test.tsx(84,9): error TS2304: Cannot find name 'expect'.
src/__tests__/integration/screening.test.tsx(85,9): error TS2304: Cannot find name 'expect'.
src/__tests__/integration/screening.test.tsx(86,9): error TS2304: Cannot find name 'expect'.
src/__tests__/integration/screening.test.tsx(89,5): error TS2582: Cannot find name 'it'. Do you need to install type definitions for a test runner? Try `npm i --save-dev @types/jest` or `npm i --save-dev @types/mocha`.
src/__tests__/integration/screening.test.tsx(99,13): error TS2304: Cannot find name 'vi'.
src/__tests__/integration/screening.test.tsx(119,9): error TS2304: Cannot find name 'expect'.
src/__tests__/integration/screening.test.tsx(120,9): error TS2304: Cannot find name 'expect'.
src/__tests__/integration/screening.test.tsx(121,9): error TS2304: Cannot find name 'expect'.
src/__tests__/integration/screening.test.tsx(124,5): error TS2582: Cannot find name 'it'. Do you need to install type definitions for a test runner? Try `npm i --save-dev @types/jest` or `npm i --save-dev @types/mocha`.
src/__tests__/integration/screening.test.tsx(133,13): error TS2304: Cannot find name 'vi'.
src/__tests__/integration/screening.test.tsx(136,9): error TS2304: Cannot find name 'expect'.
src/__tests__/integration/screening.test.tsx(138,9): error TS2304: Cannot find name 'expect'.
src/__tests__/integration/screening.test.tsx(143,9): error TS2304: Cannot find name 'expect'.
src/__tests__/integration/screening.test.tsx(146,9): error TS2304: Cannot find name 'expect'.
src/__tests__/integration/screening.test.tsx(147,9): error TS2304: Cannot find name 'expect'.
src/__tests__/integration/tags.test.ts(4,1): error TS2582: Cannot find name 'describe'. Do you need to install type definitions for a test runner? Try `npm i --save-dev @types/jest` or `npm i --save-dev @types/mocha`.
src/__tests__/integration/tags.test.ts(7,5): error TS2582: Cannot find name 'describe'. Do you need to install type definitions for a test runner? Try `npm i --save-dev @types/jest` or `npm i --save-dev @types/mocha`.
src/__tests__/integration/tags.test.ts(8,9): error TS2582: Cannot find name 'it'. Do you need to install type definitions for a test runner? Try `npm i --save-dev @types/jest` or `npm i --save-dev @types/mocha`.
src/__tests__/integration/tags.test.ts(10,40): error TS2554: Expected 0 arguments, but got 1.
src/__tests__/integration/tags.test.ts(13,13): error TS2304: Cannot find name 'expect'.
src/__tests__/integration/tags.test.ts(14,13): error TS2304: Cannot find name 'expect'.
src/__tests__/integration/tags.test.ts(15,13): error TS2304: Cannot find name 'expect'.
src/__tests__/integration/tags.test.ts(18,9): error TS2582: Cannot find name 'it'. Do you need to install type definitions for a test runner? Try `npm i --save-dev @types/jest` or `npm i --save-dev @types/mocha`.
src/__tests__/integration/tags.test.ts(20,40): error TS2554: Expected 0 arguments, but got 1.
src/__tests__/integration/tags.test.ts(23,13): error TS2304: Cannot find name 'expect'.
src/__tests__/integration/tags.test.ts(25,13): error TS2304: Cannot find name 'expect'.
src/__tests__/integration/tags.test.ts(26,13): error TS2304: Cannot find name 'expect'.
src/__tests__/integration/tags.test.ts(27,13): error TS2304: Cannot find name 'expect'.
src/__tests__/integration/tags.test.ts(30,9): error TS2582: Cannot find name 'it'. Do you need to install type definitions for a test runner? Try `npm i --save-dev @types/jest` or `npm i --save-dev @types/mocha`.
src/__tests__/integration/tags.test.ts(33,40): error TS2554: Expected 0 arguments, but got 1.
src/__tests__/integration/tags.test.ts(35,13): error TS2304: Cannot find name 'expect'.
src/__tests__/integration/tags.test.ts(38,9): error TS2582: Cannot find name 'it'. Do you need to install type definitions for a test runner? Try `npm i --save-dev @types/jest` or `npm i --save-dev @types/mocha`.
src/__tests__/integration/tags.test.ts(40,40): error TS2554: Expected 0 arguments, but got 1.
src/__tests__/integration/tags.test.ts(43,13): error TS2304: Cannot find name 'expect'.
src/__tests__/integration/tags.test.ts(46,17): error TS2304: Cannot find name 'expect'.
src/__tests__/integration/tags.test.ts(50,9): error TS2582: Cannot find name 'it'. Do you need to install type definitions for a test runner? Try `npm i --save-dev @types/jest` or `npm i --save-dev @types/mocha`.
src/__tests__/integration/tags.test.ts(52,40): error TS2554: Expected 0 arguments, but got 1.
src/__tests__/integration/tags.test.ts(55,13): error TS2304: Cannot find name 'expect'.
src/__tests__/integration/tags.test.ts(58,13): error TS2304: Cannot find name 'expect'.
src/__tests__/integration/user.test.ts(10,1): error TS2304: Cannot find name 'vi'.
src/__tests__/integration/user.test.ts(11,23): error TS2304: Cannot find name 'vi'.
src/__tests__/integration/user.test.ts(14,1): error TS2304: Cannot find name 'vi'.
src/__tests__/integration/user.test.ts(22,1): error TS2582: Cannot find name 'describe'. Do you need to install type definitions for a test runner? Try `npm i --save-dev @types/jest` or `npm i --save-dev @types/mocha`.
src/__tests__/integration/user.test.ts(26,5): error TS2304: Cannot find name 'beforeEach'.
src/__tests__/integration/user.test.ts(33,5): error TS2582: Cannot find name 'describe'. Do you need to install type definitions for a test runner? Try `npm i --save-dev @types/jest` or `npm i --save-dev @types/mocha`.
src/__tests__/integration/user.test.ts(34,9): error TS2582: Cannot find name 'it'. Do you need to install type definitions for a test runner? Try `npm i --save-dev @types/jest` or `npm i --save-dev @types/mocha`.
src/__tests__/integration/user.test.ts(35,13): error TS2304: Cannot find name 'vi'.
src/__tests__/integration/user.test.ts(40,13): error TS2304: Cannot find name 'expect'.
src/__tests__/integration/user.test.ts(41,13): error TS2304: Cannot find name 'expect'.
src/__tests__/integration/user.test.ts(42,13): error TS2304: Cannot find name 'expect'.
src/__tests__/integration/user.test.ts(43,13): error TS2304: Cannot find name 'expect'.
src/__tests__/integration/user.test.ts(44,13): error TS2304: Cannot find name 'expect'.
src/__tests__/integration/user.test.ts(47,9): error TS2582: Cannot find name 'it'. Do you need to install type definitions for a test runner? Try `npm i --save-dev @types/jest` or `npm i --save-dev @types/mocha`.
src/__tests__/integration/user.test.ts(48,13): error TS2304: Cannot find name 'vi'.
src/__tests__/integration/user.test.ts(53,13): error TS2304: Cannot find name 'expect'.
src/__tests__/integration/user.test.ts(54,13): error TS2304: Cannot find name 'expect'.
src/__tests__/integration/user.test.ts(57,9): error TS2582: Cannot find name 'it'. Do you need to install type definitions for a test runner? Try `npm i --save-dev @types/jest` or `npm i --save-dev @types/mocha`.
src/__tests__/integration/user.test.ts(58,13): error TS2304: Cannot find name 'vi'.
src/__tests__/integration/user.test.ts(63,13): error TS2304: Cannot find name 'expect'.
src/__tests__/integration/user.test.ts(64,13): error TS2304: Cannot find name 'expect'.
src/__tests__/integration/user.test.ts(67,9): error TS2582: Cannot find name 'it'. Do you need to install type definitions for a test runner? Try `npm i --save-dev @types/jest` or `npm i --save-dev @types/mocha`.
src/__tests__/integration/user.test.ts(68,13): error TS2304: Cannot find name 'vi'.
src/__tests__/integration/user.test.ts(73,13): error TS2304: Cannot find name 'expect'.
src/__tests__/integration/user.test.ts(74,13): error TS2304: Cannot find name 'expect'.
src/__tests__/integration/user.test.ts(75,13): error TS2304: Cannot find name 'expect'.
src/__tests__/integration/user.test.ts(79,5): error TS2582: Cannot find name 'describe'. Do you need to install type definitions for a test runner? Try `npm i --save-dev @types/jest` or `npm i --save-dev @types/mocha`.
src/__tests__/integration/user.test.ts(80,9): error TS2582: Cannot find name 'it'. Do you need to install type definitions for a test runner? Try `npm i --save-dev @types/jest` or `npm i --save-dev @types/mocha`.
src/__tests__/integration/user.test.ts(81,13): error TS2304: Cannot find name 'vi'.
src/__tests__/integration/user.test.ts(95,13): error TS2304: Cannot find name 'expect'.
src/__tests__/integration/user.test.ts(96,13): error TS2304: Cannot find name 'expect'.
src/__tests__/integration/user.test.ts(97,13): error TS2304: Cannot find name 'expect'.
src/__tests__/integration/user.test.ts(98,13): error TS2304: Cannot find name 'expect'.
src/__tests__/integration/user.test.ts(105,13): error TS2304: Cannot find name 'expect'.
src/__tests__/integration/user.test.ts(106,13): error TS2304: Cannot find name 'expect'.
src/__tests__/integration/user.test.ts(109,9): error TS2582: Cannot find name 'it'. Do you need to install type definitions for a test runner? Try `npm i --save-dev @types/jest` or `npm i --save-dev @types/mocha`.
src/__tests__/integration/user.test.ts(110,13): error TS2304: Cannot find name 'vi'.
src/__tests__/integration/user.test.ts(121,13): error TS2304: Cannot find name 'expect'.
src/__tests__/integration/user.test.ts(122,13): error TS2304: Cannot find name 'expect'.
src/__tests__/integration/user.test.ts(125,9): error TS2582: Cannot find name 'it'. Do you need to install type definitions for a test runner? Try `npm i --save-dev @types/jest` or `npm i --save-dev @types/mocha`.
src/__tests__/integration/user.test.ts(126,13): error TS2304: Cannot find name 'vi'.
src/__tests__/integration/user.test.ts(137,13): error TS2304: Cannot find name 'expect'.
src/__tests__/integration/user.test.ts(139,17): error TS2304: Cannot find name 'expect'.
src/__tests__/integration/user.test.ts(143,9): error TS2582: Cannot find name 'it'. Do you need to install type definitions for a test runner? Try `npm i --save-dev @types/jest` or `npm i --save-dev @types/mocha`.
src/__tests__/integration/user.test.ts(144,13): error TS2304: Cannot find name 'vi'.
src/__tests__/integration/user.test.ts(156,13): error TS2304: Cannot find name 'expect'.
src/__tests__/integration/user.test.ts(157,13): error TS2304: Cannot find name 'expect'.
src/__tests__/integration/user.test.ts(160,9): error TS2582: Cannot find name 'it'. Do you need to install type definitions for a test runner? Try `npm i --save-dev @types/jest` or `npm i --save-dev @types/mocha`.
src/__tests__/integration/user.test.ts(161,13): error TS2304: Cannot find name 'vi'.
src/__tests__/integration/user.test.ts(173,13): error TS2304: Cannot find name 'expect'.
src/__tests__/integration/user.test.ts(174,13): error TS2304: Cannot find name 'expect'.
src/__tests__/integration/user.test.ts(178,5): error TS2582: Cannot find name 'describe'. Do you need to install type definitions for a test runner? Try `npm i --save-dev @types/jest` or `npm i --save-dev @types/mocha`.
src/__tests__/integration/user.test.ts(179,9): error TS2582: Cannot find name 'it'. Do you need to install type definitions for a test runner? Try `npm i --save-dev @types/jest` or `npm i --save-dev @types/mocha`.
src/__tests__/integration/user.test.ts(180,13): error TS2304: Cannot find name 'vi'.
src/__tests__/integration/user.test.ts(196,13): error TS2304: Cannot find name 'expect'.
src/__tests__/integration/user.test.ts(197,13): error TS2304: Cannot find name 'expect'.
src/__tests__/integration/user.test.ts(204,13): error TS2304: Cannot find name 'expect'.
src/__tests__/integration/user.test.ts(205,13): error TS2304: Cannot find name 'expect'.
src/__tests__/integration/user.test.ts(208,9): error TS2582: Cannot find name 'it'. Do you need to install type definitions for a test runner? Try `npm i --save-dev @types/jest` or `npm i --save-dev @types/mocha`.
src/__tests__/integration/user.test.ts(209,13): error TS2304: Cannot find name 'vi'.
src/__tests__/integration/user.test.ts(222,13): error TS2304: Cannot find name 'expect'.
src/__tests__/integration/user.test.ts(223,13): error TS2304: Cannot find name 'expect'.
src/__tests__/integration/user.test.ts(226,9): error TS2582: Cannot find name 'it'. Do you need to install type definitions for a test runner? Try `npm i --save-dev @types/jest` or `npm i --save-dev @types/mocha`.
src/__tests__/integration/user.test.ts(227,13): error TS2304: Cannot find name 'vi'.
src/__tests__/integration/user.test.ts(239,13): error TS2304: Cannot find name 'expect'.
src/__tests__/integration/user.test.ts(240,13): error TS2304: Cannot find name 'expect'.
src/__tests__/integration/user.test.ts(243,9): error TS2582: Cannot find name 'it'. Do you need to install type definitions for a test runner? Try `npm i --save-dev @types/jest` or `npm i --save-dev @types/mocha`.
src/__tests__/integration/user.test.ts(244,13): error TS2304: Cannot find name 'vi'.
src/__tests__/integration/user.test.ts(256,13): error TS2304: Cannot find name 'expect'.
src/__tests__/integration/user.test.ts(257,13): error TS2304: Cannot find name 'expect'.
src/__tests__/integration/user.test.ts(261,5): error TS2582: Cannot find name 'describe'. Do you need to install type definitions for a test runner? Try `npm i --save-dev @types/jest` or `npm i --save-dev @types/mocha`.
src/__tests__/integration/user.test.ts(262,9): error TS2582: Cannot find name 'it'. Do you need to install type definitions for a test runner? Try `npm i --save-dev @types/jest` or `npm i --save-dev @types/mocha`.
src/__tests__/integration/user.test.ts(263,13): error TS2304: Cannot find name 'vi'.
src/__tests__/integration/user.test.ts(275,13): error TS2304: Cannot find name 'expect'.
src/__tests__/integration/user.test.ts(276,13): error TS2304: Cannot find name 'expect'.
src/__tests__/integration/user.test.ts(283,13): error TS2304: Cannot find name 'expect'.
src/__tests__/integration/user.test.ts(286,9): error TS2582: Cannot find name 'it'. Do you need to install type definitions for a test runner? Try `npm i --save-dev @types/jest` or `npm i --save-dev @types/mocha`.
src/__tests__/integration/user.test.ts(287,13): error TS2304: Cannot find name 'vi'.
src/__tests__/integration/user.test.ts(293,13): error TS2304: Cannot find name 'expect'.
src/__tests__/integration/user.test.ts(294,13): error TS2304: Cannot find name 'expect'.
src/__tests__/integration/votes.test.ts(14,1): error TS2304: Cannot find name 'vi'.
src/__tests__/integration/votes.test.ts(15,21): error TS2304: Cannot find name 'vi'.
src/__tests__/integration/votes.test.ts(18,1): error TS2304: Cannot find name 'vi'.
src/__tests__/integration/votes.test.ts(26,1): error TS2582: Cannot find name 'describe'. Do you need to install type definitions for a test runner? Try `npm i --save-dev @types/jest` or `npm i --save-dev @types/mocha`.
src/__tests__/integration/votes.test.ts(33,3): error TS2304: Cannot find name 'beforeEach'.
src/__tests__/integration/votes.test.ts(49,3): error TS2582: Cannot find name 'describe'. Do you need to install type definitions for a test runner? Try `npm i --save-dev @types/jest` or `npm i --save-dev @types/mocha`.
src/__tests__/integration/votes.test.ts(50,5): error TS2582: Cannot find name 'it'. Do you need to install type definitions for a test runner? Try `npm i --save-dev @types/jest` or `npm i --save-dev @types/mocha`.
src/__tests__/integration/votes.test.ts(51,7): error TS2304: Cannot find name 'vi'.
src/__tests__/integration/votes.test.ts(64,7): error TS2304: Cannot find name 'expect'.
src/__tests__/integration/votes.test.ts(65,7): error TS2304: Cannot find name 'expect'.
src/__tests__/integration/votes.test.ts(77,7): error TS2304: Cannot find name 'expect'.
src/__tests__/integration/votes.test.ts(78,7): error TS2304: Cannot find name 'expect'.
src/__tests__/integration/votes.test.ts(84,7): error TS2304: Cannot find name 'expect'.
src/__tests__/integration/votes.test.ts(87,5): error TS2582: Cannot find name 'it'. Do you need to install type definitions for a test runner? Try `npm i --save-dev @types/jest` or `npm i --save-dev @types/mocha`.
src/__tests__/integration/votes.test.ts(88,7): error TS2304: Cannot find name 'vi'.
src/__tests__/integration/votes.test.ts(101,7): error TS2304: Cannot find name 'expect'.
src/__tests__/integration/votes.test.ts(102,7): error TS2304: Cannot find name 'expect'.
src/__tests__/integration/votes.test.ts(108,7): error TS2304: Cannot find name 'expect'.
src/__tests__/integration/votes.test.ts(111,5): error TS2582: Cannot find name 'it'. Do you need to install type definitions for a test runner? Try `npm i --save-dev @types/jest` or `npm i --save-dev @types/mocha`.
src/__tests__/integration/votes.test.ts(112,7): error TS2304: Cannot find name 'vi'.
src/__tests__/integration/votes.test.ts(125,7): error TS2304: Cannot find name 'expect'.
src/__tests__/integration/votes.test.ts(126,7): error TS2304: Cannot find name 'expect'.
src/__tests__/integration/votes.test.ts(132,7): error TS2304: Cannot find name 'expect'.
src/__tests__/integration/votes.test.ts(135,5): error TS2582: Cannot find name 'it'. Do you need to install type definitions for a test runner? Try `npm i --save-dev @types/jest` or `npm i --save-dev @types/mocha`.
src/__tests__/integration/votes.test.ts(136,7): error TS2304: Cannot find name 'vi'.
src/__tests__/integration/votes.test.ts(164,7): error TS2304: Cannot find name 'expect'.
src/__tests__/integration/votes.test.ts(165,7): error TS2304: Cannot find name 'expect'.
src/__tests__/integration/votes.test.ts(177,7): error TS2304: Cannot find name 'expect'.
src/__tests__/integration/votes.test.ts(180,5): error TS2582: Cannot find name 'it'. Do you need to install type definitions for a test runner? Try `npm i --save-dev @types/jest` or `npm i --save-dev @types/mocha`.
src/__tests__/integration/votes.test.ts(181,7): error TS2304: Cannot find name 'vi'.
src/__tests__/integration/votes.test.ts(209,7): error TS2304: Cannot find name 'expect'.
src/__tests__/integration/votes.test.ts(210,7): error TS2304: Cannot find name 'expect'.
src/__tests__/integration/votes.test.ts(222,7): error TS2304: Cannot find name 'expect'.
src/__tests__/integration/votes.test.ts(228,7): error TS2304: Cannot find name 'expect'.
src/__tests__/integration/votes.test.ts(231,5): error TS2582: Cannot find name 'it'. Do you need to install type definitions for a test runner? Try `npm i --save-dev @types/jest` or `npm i --save-dev @types/mocha`.
src/__tests__/integration/votes.test.ts(232,7): error TS2304: Cannot find name 'vi'.
src/__tests__/integration/votes.test.ts(245,7): error TS2304: Cannot find name 'expect'.
src/__tests__/integration/votes.test.ts(246,7): error TS2304: Cannot find name 'expect'.
src/__tests__/integration/votes.test.ts(249,5): error TS2582: Cannot find name 'it'. Do you need to install type definitions for a test runner? Try `npm i --save-dev @types/jest` or `npm i --save-dev @types/mocha`.
src/__tests__/integration/votes.test.ts(250,7): error TS2304: Cannot find name 'vi'.
src/__tests__/integration/votes.test.ts(263,7): error TS2304: Cannot find name 'expect'.
src/__tests__/integration/votes.test.ts(264,7): error TS2304: Cannot find name 'expect'.
src/__tests__/integration/votes.test.ts(267,5): error TS2582: Cannot find name 'it'. Do you need to install type definitions for a test runner? Try `npm i --save-dev @types/jest` or `npm i --save-dev @types/mocha`.
src/__tests__/integration/votes.test.ts(268,7): error TS2304: Cannot find name 'vi'.
src/__tests__/integration/votes.test.ts(281,7): error TS2304: Cannot find name 'expect'.
src/__tests__/integration/votes.test.ts(282,7): error TS2304: Cannot find name 'expect'.
src/__tests__/integration/votes.test.ts(285,5): error TS2582: Cannot find name 'it'. Do you need to install type definitions for a test runner? Try `npm i --save-dev @types/jest` or `npm i --save-dev @types/mocha`.
src/__tests__/integration/votes.test.ts(286,7): error TS2304: Cannot find name 'vi'.
src/__tests__/integration/votes.test.ts(299,7): error TS2304: Cannot find name 'expect'.
src/__tests__/integration/votes.test.ts(300,7): error TS2304: Cannot find name 'expect'.
src/__tests__/integration/votes.test.ts(303,5): error TS2582: Cannot find name 'it'. Do you need to install type definitions for a test runner? Try `npm i --save-dev @types/jest` or `npm i --save-dev @types/mocha`.
src/__tests__/integration/votes.test.ts(304,7): error TS2304: Cannot find name 'vi'.
src/__tests__/integration/votes.test.ts(318,7): error TS2304: Cannot find name 'vi'.
src/__tests__/integration/votes.test.ts(331,7): error TS2304: Cannot find name 'expect'.
src/__tests__/integration/votes.test.ts(332,7): error TS2304: Cannot find name 'expect'.
src/__tests__/integration/votes.test.ts(338,7): error TS2304: Cannot find name 'expect'.
src/__tests__/unit/mailer.test.ts(1,1): error TS2582: Cannot find name 'describe'. Do you need to install type definitions for a test runner? Try `npm i --save-dev @types/jest` or `npm i --save-dev @types/mocha`.
src/__tests__/unit/mailer.test.ts(6,5): error TS2304: Cannot find name 'beforeEach'.
src/__tests__/unit/mailer.test.ts(7,9): error TS2304: Cannot find name 'vi'.
src/__tests__/unit/mailer.test.ts(9,20): error TS2304: Cannot find name 'vi'.
src/__tests__/unit/mailer.test.ts(13,9): error TS2304: Cannot find name 'vi'.
src/__tests__/unit/mailer.test.ts(32,5): error TS2304: Cannot find name 'afterEach'.
src/__tests__/unit/mailer.test.ts(33,9): error TS2304: Cannot find name 'vi'.
src/__tests__/unit/mailer.test.ts(37,5): error TS2582: Cannot find name 'describe'. Do you need to install type definitions for a test runner? Try `npm i --save-dev @types/jest` or `npm i --save-dev @types/mocha`.
src/__tests__/unit/mailer.test.ts(38,9): error TS2582: Cannot find name 'it'. Do you need to install type definitions for a test runner? Try `npm i --save-dev @types/jest` or `npm i --save-dev @types/mocha`.
src/__tests__/unit/mailer.test.ts(41,13): error TS2304: Cannot find name 'expect'.
src/__tests__/unit/mailer.test.ts(42,13): error TS2304: Cannot find name 'expect'.
src/__tests__/unit/mailer.test.ts(42,51): error TS2304: Cannot find name 'expect'.
src/__tests__/unit/mailer.test.ts(46,23): error TS2304: Cannot find name 'expect'.
src/__tests__/unit/mailer.test.ts(50,9): error TS2582: Cannot find name 'it'. Do you need to install type definitions for a test runner? Try `npm i --save-dev @types/jest` or `npm i --save-dev @types/mocha`.
src/__tests__/unit/mailer.test.ts(53,19): error TS2304: Cannot find name 'expect'.
src/__tests__/unit/mailer.test.ts(57,9): error TS2582: Cannot find name 'it'. Do you need to install type definitions for a test runner? Try `npm i --save-dev @types/jest` or `npm i --save-dev @types/mocha`.
src/__tests__/unit/mailer.test.ts(63,32): error TS2304: Cannot find name 'vi'.
src/__tests__/unit/mailer.test.ts(64,33): error TS2304: Cannot find name 'vi'.
src/__tests__/unit/mailer.test.ts(68,13): error TS2304: Cannot find name 'expect'.
src/__tests__/unit/mailer.test.ts(69,13): error TS2304: Cannot find name 'expect'.
src/__tests__/unit/mailer.test.ts(69,54): error TS2304: Cannot find name 'expect'.
src/__tests__/unit/mailer.test.ts(70,13): error TS2304: Cannot find name 'expect'.
src/__tests__/unit/mailer.test.ts(70,53): error TS2304: Cannot find name 'expect'.
src/__tests__/unit/mailer.test.ts(74,5): error TS2582: Cannot find name 'describe'. Do you need to install type definitions for a test runner? Try `npm i --save-dev @types/jest` or `npm i --save-dev @types/mocha`.
src/__tests__/unit/mailer.test.ts(75,9): error TS2582: Cannot find name 'it'. Do you need to install type definitions for a test runner? Try `npm i --save-dev @types/jest` or `npm i --save-dev @types/mocha`.
src/__tests__/unit/mailer.test.ts(78,13): error TS2304: Cannot find name 'expect'.
src/__tests__/unit/mailer.test.ts(79,13): error TS2304: Cannot find name 'expect'.
src/__tests__/unit/mailer.test.ts(79,51): error TS2304: Cannot find name 'expect'.
src/__tests__/unit/mailer.test.ts(83,23): error TS2304: Cannot find name 'expect'.
src/__tests__/unit/mailer.test.ts(87,9): error TS2582: Cannot find name 'it'. Do you need to install type definitions for a test runner? Try `npm i --save-dev @types/jest` or `npm i --save-dev @types/mocha`.
src/__tests__/unit/mailer.test.ts(89,32): error TS2304: Cannot find name 'vi'.
src/__tests__/unit/mailer.test.ts(90,33): error TS2304: Cannot find name 'vi'.
src/__tests__/unit/mailer.test.ts(94,13): error TS2304: Cannot find name 'expect'.
src/__tests__/unit/mailer.test.ts(95,13): error TS2304: Cannot find name 'expect'.
src/__tests__/unit/mailer.test.ts(95,54): error TS2304: Cannot find name 'expect'.
src/__tests__/unit/mailer.test.ts(96,13): error TS2304: Cannot find name 'expect'.
src/__tests__/unit/mailer.test.ts(96,53): error TS2304: Cannot find name 'expect'.
src/__tests__/unit/screening-scoring.test.ts(3,1): error TS2582: Cannot find name 'describe'. Do you need to install type definitions for a test runner? Try `npm i --save-dev @types/jest` or `npm i --save-dev @types/mocha`.
src/__tests__/unit/screening-scoring.test.ts(4,5): error TS2582: Cannot find name 'describe'. Do you need to install type definitions for a test runner? Try `npm i --save-dev @types/jest` or `npm i --save-dev @types/mocha`.
src/__tests__/unit/screening-scoring.test.ts(5,9): error TS2582: Cannot find name 'it'. Do you need to install type definitions for a test runner? Try `npm i --save-dev @types/jest` or `npm i --save-dev @types/mocha`.
src/__tests__/unit/screening-scoring.test.ts(9,13): error TS2304: Cannot find name 'expect'.
src/__tests__/unit/screening-scoring.test.ts(10,13): error TS2304: Cannot find name 'expect'.
src/__tests__/unit/screening-scoring.test.ts(11,13): error TS2304: Cannot find name 'expect'.
src/__tests__/unit/screening-scoring.test.ts(12,13): error TS2304: Cannot find name 'expect'.
src/__tests__/unit/screening-scoring.test.ts(13,13): error TS2304: Cannot find name 'expect'.
src/__tests__/unit/screening-scoring.test.ts(14,13): error TS2304: Cannot find name 'expect'.
src/__tests__/unit/screening-scoring.test.ts(17,9): error TS2582: Cannot find name 'it'. Do you need to install type definitions for a test runner? Try `npm i --save-dev @types/jest` or `npm i --save-dev @types/mocha`.
src/__tests__/unit/screening-scoring.test.ts(21,13): error TS2304: Cannot find name 'expect'.
src/__tests__/unit/screening-scoring.test.ts(22,13): error TS2304: Cannot find name 'expect'.
src/__tests__/unit/screening-scoring.test.ts(23,13): error TS2304: Cannot find name 'expect'.
src/__tests__/unit/screening-scoring.test.ts(24,13): error TS2304: Cannot find name 'expect'.
src/__tests__/unit/screening-scoring.test.ts(27,9): error TS2582: Cannot find name 'it'. Do you need to install type definitions for a test runner? Try `npm i --save-dev @types/jest` or `npm i --save-dev @types/mocha`.
src/__tests__/unit/screening-scoring.test.ts(34,48): error TS2345: Argument of type 'string[]' is not assignable to parameter of type 'Answer[]'.
  Type 'string' is not assignable to type 'Answer'.
src/__tests__/unit/screening-scoring.test.ts(36,13): error TS2304: Cannot find name 'expect'.
src/__tests__/unit/screening-scoring.test.ts(37,13): error TS2304: Cannot find name 'expect'.
src/__tests__/unit/screening-scoring.test.ts(38,13): error TS2304: Cannot find name 'expect'.
src/__tests__/unit/screening-scoring.test.ts(39,13): error TS2304: Cannot find name 'expect'.
src/__tests__/unit/screening-scoring.test.ts(42,9): error TS2582: Cannot find name 'it'. Do you need to install type definitions for a test runner? Try `npm i --save-dev @types/jest` or `npm i --save-dev @types/mocha`.
src/__tests__/unit/screening-scoring.test.ts(49,48): error TS2345: Argument of type 'string[]' is not assignable to parameter of type 'Answer[]'.
  Type 'string' is not assignable to type 'Answer'.
src/__tests__/unit/screening-scoring.test.ts(51,13): error TS2304: Cannot find name 'expect'.
src/__tests__/unit/screening-scoring.test.ts(52,13): error TS2304: Cannot find name 'expect'.
src/__tests__/unit/screening-scoring.test.ts(56,5): error TS2582: Cannot find name 'describe'. Do you need to install type definitions for a test runner? Try `npm i --save-dev @types/jest` or `npm i --save-dev @types/mocha`.
src/__tests__/unit/screening-scoring.test.ts(57,9): error TS2582: Cannot find name 'it'. Do you need to install type definitions for a test runner? Try `npm i --save-dev @types/jest` or `npm i --save-dev @types/mocha`.
src/__tests__/unit/screening-scoring.test.ts(82,50): error TS2345: Argument of type 'string[]' is not assignable to parameter of type 'Answer[]'.
  Type 'string' is not assignable to type 'Answer'.
src/__tests__/unit/screening-scoring.test.ts(84,13): error TS2304: Cannot find name 'expect'.
src/__tests__/unit/screening-scoring.test.ts(85,13): error TS2304: Cannot find name 'expect'.
src/__tests__/unit/screening-scoring.test.ts(86,13): error TS2304: Cannot find name 'expect'.
src/__tests__/unit/screening-scoring.test.ts(89,9): error TS2582: Cannot find name 'it'. Do you need to install type definitions for a test runner? Try `npm i --save-dev @types/jest` or `npm i --save-dev @types/mocha`.
src/__tests__/unit/screening-scoring.test.ts(100,50): error TS2345: Argument of type 'string[]' is not assignable to parameter of type 'Answer[]'.
  Type 'string' is not assignable to type 'Answer'.
src/__tests__/unit/screening-scoring.test.ts(102,13): error TS2304: Cannot find name 'expect'.
src/__tests__/unit/screening-scoring.test.ts(103,13): error TS2304: Cannot find name 'expect'.
src/__tests__/unit/screening-scoring.test.ts(104,13): error TS2304: Cannot find name 'expect'.
src/__tests__/unit/screening-scoring.test.ts(107,9): error TS2582: Cannot find name 'it'. Do you need to install type definitions for a test runner? Try `npm i --save-dev @types/jest` or `npm i --save-dev @types/mocha`.
src/__tests__/unit/screening-scoring.test.ts(119,50): error TS2345: Argument of type 'string[]' is not assignable to parameter of type 'Answer[]'.
  Type 'string' is not assignable to type 'Answer'.
src/__tests__/unit/screening-scoring.test.ts(121,13): error TS2304: Cannot find name 'expect'.
src/__tests__/unit/screening-scoring.test.ts(122,13): error TS2304: Cannot find name 'expect'.
src/__tests__/unit/screening-scoring.test.ts(123,13): error TS2304: Cannot find name 'expect'.
src/__tests__/unit/screening-scoring.test.ts(126,9): error TS2582: Cannot find name 'it'. Do you need to install type definitions for a test runner? Try `npm i --save-dev @types/jest` or `npm i --save-dev @types/mocha`.
src/__tests__/unit/screening-scoring.test.ts(133,50): error TS2345: Argument of type 'string[]' is not assignable to parameter of type 'Answer[]'.
  Type 'string' is not assignable to type 'Answer'.
src/__tests__/unit/screening-scoring.test.ts(135,13): error TS2304: Cannot find name 'expect'.
src/__tests__/unit/screening-scoring.test.ts(136,13): error TS2304: Cannot find name 'expect'.
src/__tests__/unit/validators.test.ts(3,1): error TS2582: Cannot find name 'describe'. Do you need to install type definitions for a test runner? Try `npm i --save-dev @types/jest` or `npm i --save-dev @types/mocha`.
src/__tests__/unit/validators.test.ts(4,5): error TS2582: Cannot find name 'it'. Do you need to install type definitions for a test runner? Try `npm i --save-dev @types/jest` or `npm i --save-dev @types/mocha`.
src/__tests__/unit/validators.test.ts(12,9): error TS2304: Cannot find name 'expect'.
src/__tests__/unit/validators.test.ts(15,5): error TS2582: Cannot find name 'it'. Do you need to install type definitions for a test runner? Try `npm i --save-dev @types/jest` or `npm i --save-dev @types/mocha`.
src/__tests__/unit/validators.test.ts(23,9): error TS2304: Cannot find name 'expect'.
src/__tests__/unit/validators.test.ts(25,13): error TS2304: Cannot find name 'expect'.
src/__tests__/unit/validators.test.ts(29,5): error TS2582: Cannot find name 'it'. Do you need to install type definitions for a test runner? Try `npm i --save-dev @types/jest` or `npm i --save-dev @types/mocha`.
src/__tests__/unit/validators.test.ts(37,9): error TS2304: Cannot find name 'expect'.
src/__tests__/unit/validators.test.ts(39,13): error TS2304: Cannot find name 'expect'.
src/__tests__/unit/validators.test.ts(43,5): error TS2582: Cannot find name 'it'. Do you need to install type definitions for a test runner? Try `npm i --save-dev @types/jest` or `npm i --save-dev @types/mocha`.
src/__tests__/unit/validators.test.ts(51,9): error TS2304: Cannot find name 'expect'.
src/__tests__/unit/validators.test.ts(53,13): error TS2304: Cannot find name 'expect'.
src/__tests__/unit/validators.test.ts(57,5): error TS2582: Cannot find name 'it'. Do you need to install type definitions for a test runner? Try `npm i --save-dev @types/jest` or `npm i --save-dev @types/mocha`.
src/__tests__/unit/validators.test.ts(65,9): error TS2304: Cannot find name 'expect'.
src/__tests__/unit/validators.test.ts(67,13): error TS2304: Cannot find name 'expect'.
src/__tests__/unit/validators.test.ts(71,5): error TS2582: Cannot find name 'it'. Do you need to install type definitions for a test runner? Try `npm i --save-dev @types/jest` or `npm i --save-dev @types/mocha`.
src/__tests__/unit/validators.test.ts(79,9): error TS2304: Cannot find name 'expect'.
src/__tests__/unit/validators.test.ts(81,13): error TS2304: Cannot find name 'expect'.
src/app/(auth)/forgot-password/page.tsx(48,64): error TS2322: Type '{ children: Element[]; className: string; hover: boolean; }' is not assignable to type 'IntrinsicAttributes & HTMLAttributes<HTMLDivElement> & RefAttributes<HTMLDivElement>'.
  Property 'hover' does not exist on type 'IntrinsicAttributes & HTMLAttributes<HTMLDivElement> & RefAttributes<HTMLDivElement>'.
src/app/(auth)/forgot-password/page.tsx(71,48): error TS2322: Type '{ children: ("" | Element | null)[]; className: string; hover: boolean; }' is not assignable to type 'IntrinsicAttributes & HTMLAttributes<HTMLDivElement> & RefAttributes<HTMLDivElement>'.
  Property 'hover' does not exist on type 'IntrinsicAttributes & HTMLAttributes<HTMLDivElement> & RefAttributes<HTMLDivElement>'.
src/app/(auth)/forgot-password/page.tsx(91,25): error TS2322: Type '{ id: string; type: "email"; label: string; value: string; onChange: (e: ChangeEvent<HTMLInputElement>) => void; placeholder: string; icon: Element; required: true; }' is not assignable to type 'IntrinsicAttributes & Omit<DetailedHTMLProps<InputHTMLAttributes<HTMLInputElement>, HTMLInputElement>, "ref"> & RefAttributes<...>'.
  Property 'label' does not exist on type 'IntrinsicAttributes & Omit<DetailedHTMLProps<InputHTMLAttributes<HTMLInputElement>, HTMLInputElement>, "ref"> & RefAttributes<...>'.
src/app/(auth)/forgot-password/page.tsx(101,25): error TS2322: Type '"primary"' is not assignable to type '"link" | "default" | "destructive" | "outline" | "secondary" | "ghost" | null | undefined'.
src/app/(auth)/login/page.tsx(87,69): error TS2322: Type '{ children: (false | "" | Element | null)[]; className: string; hover: boolean; }' is not assignable to type 'IntrinsicAttributes & HTMLAttributes<HTMLDivElement> & RefAttributes<HTMLDivElement>'.
  Property 'hover' does not exist on type 'IntrinsicAttributes & HTMLAttributes<HTMLDivElement> & RefAttributes<HTMLDivElement>'.
src/app/(auth)/login/page.tsx(177,13): error TS2322: Type '{ id: string; type: "email"; label: string; value: string; onChange: (e: ChangeEvent<HTMLInputElement>) => void; onFocus: () => void; onBlur: () => void; placeholder: string; required: true; className: string; }' is not assignable to type 'IntrinsicAttributes & Omit<DetailedHTMLProps<InputHTMLAttributes<HTMLInputElement>, HTMLInputElement>, "ref"> & RefAttributes<...>'.
  Property 'label' does not exist on type 'IntrinsicAttributes & Omit<DetailedHTMLProps<InputHTMLAttributes<HTMLInputElement>, HTMLInputElement>, "ref"> & RefAttributes<...>'.
src/app/(auth)/login/page.tsx(242,13): error TS2322: Type '"primary"' is not assignable to type '"link" | "default" | "destructive" | "outline" | "secondary" | "ghost" | null | undefined'.
src/app/(auth)/login/page.tsx(316,44): error TS2322: Type '{ children: Element; className: string; hover: boolean; }' is not assignable to type 'IntrinsicAttributes & HTMLAttributes<HTMLDivElement> & RefAttributes<HTMLDivElement>'.
  Property 'hover' does not exist on type 'IntrinsicAttributes & HTMLAttributes<HTMLDivElement> & RefAttributes<HTMLDivElement>'.
src/app/(auth)/register/page.tsx(106,83): error TS2322: Type '{ children: Element[]; className: string; hover: boolean; }' is not assignable to type 'IntrinsicAttributes & HTMLAttributes<HTMLDivElement> & RefAttributes<HTMLDivElement>'.
  Property 'hover' does not exist on type 'IntrinsicAttributes & HTMLAttributes<HTMLDivElement> & RefAttributes<HTMLDivElement>'.
src/app/(auth)/register/page.tsx(129,78): error TS2322: Type '{ children: ("" | Element | null)[]; className: string; hover: boolean; }' is not assignable to type 'IntrinsicAttributes & HTMLAttributes<HTMLDivElement> & RefAttributes<HTMLDivElement>'.
  Property 'hover' does not exist on type 'IntrinsicAttributes & HTMLAttributes<HTMLDivElement> & RefAttributes<HTMLDivElement>'.
src/app/(auth)/register/page.tsx(156,15): error TS2322: Type '{ id: string; type: "email"; name: string; label: string; value: string; onChange: (e: ChangeEvent<HTMLInputElement>) => void; onFocus: () => void; onBlur: () => void; ... 4 more ...; className: string; }' is not assignable to type 'IntrinsicAttributes & Omit<DetailedHTMLProps<InputHTMLAttributes<HTMLInputElement>, HTMLInputElement>, "ref"> & RefAttributes<...>'.
  Property 'label' does not exist on type 'IntrinsicAttributes & Omit<DetailedHTMLProps<InputHTMLAttributes<HTMLInputElement>, HTMLInputElement>, "ref"> & RefAttributes<...>'.
src/app/(auth)/register/page.tsx(174,15): error TS2322: Type '{ id: string; type: "text"; name: string; label: string; value: string; onChange: (e: ChangeEvent<HTMLInputElement>) => void; onFocus: () => void; onBlur: () => void; placeholder: string; error: string; required: true; className: string; }' is not assignable to type 'IntrinsicAttributes & Omit<DetailedHTMLProps<InputHTMLAttributes<HTMLInputElement>, HTMLInputElement>, "ref"> & RefAttributes<...>'.
  Property 'label' does not exist on type 'IntrinsicAttributes & Omit<DetailedHTMLProps<InputHTMLAttributes<HTMLInputElement>, HTMLInputElement>, "ref"> & RefAttributes<...>'.
src/app/(auth)/register/page.tsx(191,15): error TS2322: Type '{ id: string; type: "text"; name: string; label: string; value: string; onChange: (e: ChangeEvent<HTMLInputElement>) => void; onFocus: () => void; onBlur: () => void; placeholder: string; error: string; required: true; className: string; }' is not assignable to type 'IntrinsicAttributes & Omit<DetailedHTMLProps<InputHTMLAttributes<HTMLInputElement>, HTMLInputElement>, "ref"> & RefAttributes<...>'.
  Property 'label' does not exist on type 'IntrinsicAttributes & Omit<DetailedHTMLProps<InputHTMLAttributes<HTMLInputElement>, HTMLInputElement>, "ref"> & RefAttributes<...>'.
src/app/(auth)/register/page.tsx(305,15): error TS2322: Type '"primary"' is not assignable to type '"link" | "default" | "destructive" | "outline" | "secondary" | "ghost" | null | undefined'.
src/app/(auth)/reset-password/page.tsx(97,21): error TS2322: Type '{ id: string; type: "password"; label: string; value: string; onChange: (e: ChangeEvent<HTMLInputElement>) => void; placeholder: string; icon: Element; required: true; }' is not assignable to type 'IntrinsicAttributes & Omit<DetailedHTMLProps<InputHTMLAttributes<HTMLInputElement>, HTMLInputElement>, "ref"> & RefAttributes<...>'.
  Property 'label' does not exist on type 'IntrinsicAttributes & Omit<DetailedHTMLProps<InputHTMLAttributes<HTMLInputElement>, HTMLInputElement>, "ref"> & RefAttributes<...>'.
src/app/(auth)/reset-password/page.tsx(107,21): error TS2322: Type '{ id: string; type: "password"; label: string; value: string; onChange: (e: ChangeEvent<HTMLInputElement>) => void; placeholder: string; icon: Element; required: true; }' is not assignable to type 'IntrinsicAttributes & Omit<DetailedHTMLProps<InputHTMLAttributes<HTMLInputElement>, HTMLInputElement>, "ref"> & RefAttributes<...>'.
  Property 'label' does not exist on type 'IntrinsicAttributes & Omit<DetailedHTMLProps<InputHTMLAttributes<HTMLInputElement>, HTMLInputElement>, "ref"> & RefAttributes<...>'.
src/app/(auth)/reset-password/page.tsx(122,21): error TS2322: Type '"primary"' is not assignable to type '"link" | "default" | "destructive" | "outline" | "secondary" | "ghost" | null | undefined'.
src/app/(auth)/reset-password/page.tsx(135,48): error TS2322: Type '{ children: Element; className: string; hover: boolean; }' is not assignable to type 'IntrinsicAttributes & HTMLAttributes<HTMLDivElement> & RefAttributes<HTMLDivElement>'.
  Property 'hover' does not exist on type 'IntrinsicAttributes & HTMLAttributes<HTMLDivElement> & RefAttributes<HTMLDivElement>'.
src/app/api/connections/[id]/route.ts(71,35): error TS2322: Type 'string | null' is not assignable to type 'string'.
  Type 'null' is not assignable to type 'string'.
src/app/api/connections/[id]/route.ts(71,42): error TS2322: Type 'string | null' is not assignable to type 'string'.
  Type 'null' is not assignable to type 'string'.
src/app/api/connections/[id]/route.ts(84,41): error TS2322: Type 'string | null' is not assignable to type 'string | StringFilter<"ConversationParticipant"> | undefined'.
  Type 'null' is not assignable to type 'string | StringFilter<"ConversationParticipant"> | undefined'.
src/app/api/connections/[id]/route.ts(85,41): error TS2322: Type 'string | null' is not assignable to type 'string | StringFilter<"ConversationParticipant"> | undefined'.
  Type 'null' is not assignable to type 'string | StringFilter<"ConversationParticipant"> | undefined'.
src/app/api/connections/[id]/route.ts(95,21): error TS2322: Type 'string | null' is not assignable to type 'string'.
  Type 'null' is not assignable to type 'string'.
src/app/api/connections/[id]/route.ts(96,21): error TS2322: Type 'string | null' is not assignable to type 'string'.
  Type 'null' is not assignable to type 'string'.
src/app/api/messages/[messageId]/route.ts(39,27): error TS18047: 'message.conversation' is possibly 'null'.
src/app/api/messages/report/route.ts(45,19): error TS2353: Object literal may only specify known properties, and 'userAId' does not exist in type 'ConversationSelect<DefaultArgs>'.
src/app/api/messages/report/route.ts(52,24): error TS2339: Property 'userAId' does not exist on type '{ id: string; createdAt: Date; }'.
src/app/api/messages/report/route.ts(52,59): error TS2339: Property 'userBId' does not exist on type '{ id: string; createdAt: Date; }'.
src/app/api/messages/report/route.ts(56,24): error TS2339: Property 'userAId' does not exist on type '{ id: string; createdAt: Date; }'.
src/app/api/messages/report/route.ts(56,67): error TS2339: Property 'userBId' does not exist on type '{ id: string; createdAt: Date; }'.
src/app/api/notifications/mark-seen/route.ts(22,11): error TS2353: Object literal may only specify known properties, and 'seenAt' does not exist in type 'ConnectionRequestWhereInput'.
src/app/api/notifications/mark-seen/route.ts(25,11): error TS2353: Object literal may only specify known properties, and 'seenAt' does not exist in type '(Without<ConnectionRequestUpdateManyMutationInput, ConnectionRequestUncheckedUpdateManyInput> & ConnectionRequestUncheckedUpdateManyInput) | (Without<...> & ConnectionRequestUpdateManyMutationInput)'.
src/app/api/notifications/mark-seen/route.ts(33,15): error TS2353: Object literal may only specify known properties, and 'userAId' does not exist in type 'ConversationWhereInput'.
src/app/api/notifications/mark-seen/route.ts(34,15): error TS2353: Object literal may only specify known properties, and 'userBId' does not exist in type 'ConversationWhereInput'.
src/app/api/notifications/mark-seen/route.ts(43,20): error TS2339: Property 'directMessage' does not exist on type 'PrismaClient<PrismaClientOptions, never, DefaultArgs>'.
src/app/api/notifications/route.ts(20,11): error TS2353: Object literal may only specify known properties, and 'seenAt' does not exist in type 'ConnectionRequestWhereInput'.
src/app/api/notifications/route.ts(23,14): error TS2339: Property 'directMessage' does not exist on type 'PrismaClient<PrismaClientOptions, never, DefaultArgs>'.
src/app/autism-navigator/page.tsx(16,36): error TS2307: Cannot find module '@/features/autism-navigator/lib/pdfGenerator' or its corresponding type declarations.
src/app/community/page.tsx(398,9): error TS2322: Type '{ children: Element; isOpen: boolean; onClose: () => void; position: string; title: string; }' is not assignable to type 'IntrinsicAttributes & DialogProps'.
  Property 'isOpen' does not exist on type 'IntrinsicAttributes & DialogProps'. Did you mean 'open'?
src/app/verify-email/page.tsx(72,48): error TS2322: Type '{ children: Element; className: string; hover: boolean; }' is not assignable to type 'IntrinsicAttributes & HTMLAttributes<HTMLDivElement> & RefAttributes<HTMLDivElement>'.
  Property 'hover' does not exist on type 'IntrinsicAttributes & HTMLAttributes<HTMLDivElement> & RefAttributes<HTMLDivElement>'.
src/components/layout/NavbarAutism.tsx(1,35): error TS2307: Cannot find module 'react-router-dom' or its corresponding type declarations.
src/components/ui/calendar.tsx(3,27): error TS2307: Cannot find module 'react-day-picker' or its corresponding type declarations.
src/components/ui/chart.tsx(106,7): error TS2339: Property 'payload' does not exist on type 'Omit<Omit<Props<ValueType, NameType>, PropertiesReadFromContext> & { active?: boolean | undefined; allowEscapeViewBox?: AllowInDimension | undefined; ... 24 more ...; wrapperStyle?: CSSProperties | undefined; } & ClassAttributes<...> & HTMLAttributes<...> & { ...; }, "ref">'.
src/components/ui/chart.tsx(111,7): error TS2339: Property 'label' does not exist on type 'Omit<Omit<Props<ValueType, NameType>, PropertiesReadFromContext> & { active?: boolean | undefined; allowEscapeViewBox?: AllowInDimension | undefined; ... 24 more ...; wrapperStyle?: CSSProperties | undefined; } & ClassAttributes<...> & HTMLAttributes<...> & { ...; }, "ref">'.
src/components/ui/chart.tsx(163,25): error TS7006: Parameter 'item' implicitly has an 'any' type.
src/components/ui/chart.tsx(163,31): error TS7006: Parameter 'index' implicitly has an 'any' type.
src/components/ui/chart.tsx(233,41): error TS2344: Type '"payload" | "verticalAlign"' does not satisfy the constraint '"string" | "path" | "href" | "origin" | "result" | "id" | "content" | "cursor" | "filter" | "fill" | "values" | "r" | "name" | "method" | "role" | "version" | "type" | "by" | "min" | ... 430 more ... | "onBBoxUpdate"'.
  Type '"payload"' is not assignable to type '"string" | "path" | "href" | "origin" | "result" | "id" | "content" | "cursor" | "filter" | "fill" | "values" | "r" | "name" | "method" | "role" | "version" | "type" | "by" | "min" | ... 430 more ... | "onBBoxUpdate"'.
src/components/ui/chart.tsx(240,17): error TS2339: Property 'length' does not exist on type '{}'.
src/components/ui/chart.tsx(249,16): error TS2339: Property 'map' does not exist on type '{}'.
src/components/ui/chart.tsx(249,21): error TS7006: Parameter 'item' implicitly has an 'any' type.
src/components/ui/resizable.tsx(2,37): error TS2307: Cannot find module 'react-resizable-panels' or its corresponding type declarations.
src/components/ui/sonner.tsx(1,26): error TS2307: Cannot find module 'next-themes' or its corresponding type declarations.
src/features/autism-navigator/roadmap/GovernmentContactCard.tsx(7,32): error TS2307: Cannot find module '@/features/autism-navigator/lib/ResourceFinder' or its corresponding type declarations.
src/features/autism-navigator/roadmap/IntegratedProviderSearch.tsx(7,57): error TS2307: Cannot find module '@/features/autism-navigator/lib/NPIService' or its corresponding type declarations.
src/features/autism-navigator/roadmap/IntegratedProviderSearch.tsx(57,29): error TS2322: Type 'string | number | symbol' is not assignable to type 'Key | null | undefined'.
  Type 'symbol' is not assignable to type 'Key | null | undefined'.
src/features/autism-navigator/roadmap/IntegratedProviderSearch.tsx(119,71): error TS7006: Parameter 't' implicitly has an 'any' type.
src/features/autism-navigator/roadmap/MedicaidContactCard.tsx(7,32): error TS2307: Cannot find module '@/features/autism-navigator/lib/ResourceFinder' or its corresponding type declarations.
src/features/autism-navigator/roadmap/RoadmapStep.tsx(15,32): error TS2307: Cannot find module '@/features/autism-navigator/lib/ResourceFinder' or its corresponding type declarations.
